2025-06-29T15:41:39: ❌ Error loading tracked channels: TypeError: redis.json(...).get is not a function
    at loadTrackedChannels (file:///Users/nabu/kol/discord-bots/analytics-bot-resilient.mjs:121:42)
    at process.processTicksAndRejections (node:internal/process/task_queues:105:5)
    at async Client.<anonymous> (file:///Users/nabu/kol/discord-bots/analytics-bot-resilient.mjs:465:3)
2025-06-29T15:46:39: ❌ Error loading tracked channels: TypeError: redis.json(...).get is not a function
    at Timeout.loadTrackedChannels [as _onTimeout] (file:///Users/nabu/kol/discord-bots/analytics-bot-resilient.mjs:121:42)
    at process.processTicksAndRejections (node:internal/process/task_queues:105:5)
2025-06-29T15:51:39: ❌ Error loading tracked channels: TypeError: redis.json(...).get is not a function
    at Timeout.loadTrackedChannels [as _onTimeout] (file:///Users/nabu/kol/discord-bots/analytics-bot-resilient.mjs:121:42)
    at process.processTicksAndRejections (node:internal/process/task_queues:105:5)
2025-06-29T15:56:39: ❌ Error loading tracked channels: TypeError: redis.json(...).get is not a function
    at Timeout.loadTrackedChannels [as _onTimeout] (file:///Users/nabu/kol/discord-bots/analytics-bot-resilient.mjs:121:42)
    at process.processTicksAndRejections (node:internal/process/task_queues:105:5)
2025-06-29T16:01:39: ❌ Error loading tracked channels: TypeError: redis.json(...).get is not a function
    at Timeout.loadTrackedChannels [as _onTimeout] (file:///Users/nabu/kol/discord-bots/analytics-bot-resilient.mjs:121:42)
    at process.processTicksAndRejections (node:internal/process/task_queues:105:5)
2025-06-29T16:06:39: ❌ Error loading tracked channels: TypeError: redis.json(...).get is not a function
    at Timeout.loadTrackedChannels [as _onTimeout] (file:///Users/nabu/kol/discord-bots/analytics-bot-resilient.mjs:121:42)
    at process.processTicksAndRejections (node:internal/process/task_queues:105:5)
2025-06-29T16:06:39: 💀 CRITICAL ERROR in Failed to load tracked channels: TypeError: redis.json(...).get is not a function
    at Timeout.loadTrackedChannels [as _onTimeout] (file:///Users/nabu/kol/discord-bots/analytics-bot-resilient.mjs:121:42)
    at process.processTicksAndRejections (node:internal/process/task_queues:105:5)
2025-06-29T16:06:40: ⚠️  Failed to send alert email: Can't send mail - all recipients were rejected: 550 5.7.1 <admin@nabulines.com>: Recipient address rejected: Mailbox is out of service
2025-06-29T16:06:41: ❌ Error loading tracked channels: TypeError: redis.json(...).get is not a function
    at loadTrackedChannels (file:///Users/nabu/kol/discord-bots/analytics-bot-resilient.mjs:121:42)
    at process.processTicksAndRejections (node:internal/process/task_queues:105:5)
    at async Client.<anonymous> (file:///Users/nabu/kol/discord-bots/analytics-bot-resilient.mjs:465:3)
2025-06-29T16:11:41: ❌ Error loading tracked channels: TypeError: redis.json(...).get is not a function
    at Timeout.loadTrackedChannels [as _onTimeout] (file:///Users/nabu/kol/discord-bots/analytics-bot-resilient.mjs:121:42)
    at process.processTicksAndRejections (node:internal/process/task_queues:105:5)
2025-06-29T16:16:41: ❌ Error loading tracked channels: TypeError: redis.json(...).get is not a function
    at Timeout.loadTrackedChannels [as _onTimeout] (file:///Users/nabu/kol/discord-bots/analytics-bot-resilient.mjs:121:42)
    at process.processTicksAndRejections (node:internal/process/task_queues:105:5)
2025-06-29T16:21:41: ❌ Error loading tracked channels: TypeError: redis.json(...).get is not a function
    at Timeout.loadTrackedChannels [as _onTimeout] (file:///Users/nabu/kol/discord-bots/analytics-bot-resilient.mjs:121:42)
    at process.processTicksAndRejections (node:internal/process/task_queues:105:5)
2025-06-29T16:26:41: ❌ Error loading tracked channels: TypeError: redis.json(...).get is not a function
    at Timeout.loadTrackedChannels [as _onTimeout] (file:///Users/nabu/kol/discord-bots/analytics-bot-resilient.mjs:121:42)
    at process.processTicksAndRejections (node:internal/process/task_queues:105:5)
2025-06-29T16:31:41: ❌ Error loading tracked channels: TypeError: redis.json(...).get is not a function
    at Timeout.loadTrackedChannels [as _onTimeout] (file:///Users/nabu/kol/discord-bots/analytics-bot-resilient.mjs:121:42)
    at process.processTicksAndRejections (node:internal/process/task_queues:105:5)
2025-06-29T16:31:41: 💀 CRITICAL ERROR in Failed to load tracked channels: TypeError: redis.json(...).get is not a function
    at Timeout.loadTrackedChannels [as _onTimeout] (file:///Users/nabu/kol/discord-bots/analytics-bot-resilient.mjs:121:42)
    at process.processTicksAndRejections (node:internal/process/task_queues:105:5)
2025-06-29T16:31:42: ⚠️  Failed to send alert email: Can't send mail - all recipients were rejected: 550 5.7.1 <admin@nabulines.com>: Recipient address rejected: Mailbox is out of service
2025-06-29T16:31:43: ❌ Error loading tracked channels: TypeError: redis.json(...).get is not a function
    at loadTrackedChannels (file:///Users/nabu/kol/discord-bots/analytics-bot-resilient.mjs:121:42)
    at process.processTicksAndRejections (node:internal/process/task_queues:105:5)
    at async Client.<anonymous> (file:///Users/nabu/kol/discord-bots/analytics-bot-resilient.mjs:465:3)
2025-06-29T16:36:43: ❌ Error loading tracked channels: TypeError: redis.json(...).get is not a function
    at Timeout.loadTrackedChannels [as _onTimeout] (file:///Users/nabu/kol/discord-bots/analytics-bot-resilient.mjs:121:42)
    at process.processTicksAndRejections (node:internal/process/task_queues:105:5)
2025-06-29T16:41:43: ❌ Error loading tracked channels: TypeError: redis.json(...).get is not a function
    at Timeout.loadTrackedChannels [as _onTimeout] (file:///Users/nabu/kol/discord-bots/analytics-bot-resilient.mjs:121:42)
    at process.processTicksAndRejections (node:internal/process/task_queues:105:5)
2025-06-29T16:46:43: ❌ Error loading tracked channels: TypeError: redis.json(...).get is not a function
    at Timeout.loadTrackedChannels [as _onTimeout] (file:///Users/nabu/kol/discord-bots/analytics-bot-resilient.mjs:121:42)
    at process.processTicksAndRejections (node:internal/process/task_queues:105:5)
2025-06-29T16:51:43: ❌ Error loading tracked channels: TypeError: redis.json(...).get is not a function
    at Timeout.loadTrackedChannels [as _onTimeout] (file:///Users/nabu/kol/discord-bots/analytics-bot-resilient.mjs:121:42)
    at process.processTicksAndRejections (node:internal/process/task_queues:105:5)
2025-06-29T16:56:43: ❌ Error loading tracked channels: TypeError: redis.json(...).get is not a function
    at Timeout.loadTrackedChannels [as _onTimeout] (file:///Users/nabu/kol/discord-bots/analytics-bot-resilient.mjs:121:42)
    at process.processTicksAndRejections (node:internal/process/task_queues:105:5)
2025-06-29T16:56:43: 💀 CRITICAL ERROR in Failed to load tracked channels: TypeError: redis.json(...).get is not a function
    at Timeout.loadTrackedChannels [as _onTimeout] (file:///Users/nabu/kol/discord-bots/analytics-bot-resilient.mjs:121:42)
    at process.processTicksAndRejections (node:internal/process/task_queues:105:5)
2025-06-29T16:56:44: ⚠️  Failed to send alert email: Can't send mail - all recipients were rejected: 550 5.7.1 <admin@nabulines.com>: Recipient address rejected: Mailbox is out of service
2025-06-29T16:56:46: ❌ Error loading tracked channels: TypeError: redis.json(...).get is not a function
    at loadTrackedChannels (file:///Users/nabu/kol/discord-bots/analytics-bot-resilient.mjs:121:42)
    at process.processTicksAndRejections (node:internal/process/task_queues:105:5)
    at async Client.<anonymous> (file:///Users/nabu/kol/discord-bots/analytics-bot-resilient.mjs:465:3)
2025-06-29T17:01:46: ❌ Error loading tracked channels: TypeError: redis.json(...).get is not a function
    at Timeout.loadTrackedChannels [as _onTimeout] (file:///Users/nabu/kol/discord-bots/analytics-bot-resilient.mjs:121:42)
    at process.processTicksAndRejections (node:internal/process/task_queues:105:5)
2025-06-29T17:06:46: ❌ Error loading tracked channels: TypeError: redis.json(...).get is not a function
    at Timeout.loadTrackedChannels [as _onTimeout] (file:///Users/nabu/kol/discord-bots/analytics-bot-resilient.mjs:121:42)
    at process.processTicksAndRejections (node:internal/process/task_queues:105:5)
2025-06-29T17:11:46: ❌ Error loading tracked channels: TypeError: redis.json(...).get is not a function
    at Timeout.loadTrackedChannels [as _onTimeout] (file:///Users/nabu/kol/discord-bots/analytics-bot-resilient.mjs:121:42)
    at process.processTicksAndRejections (node:internal/process/task_queues:105:5)
2025-06-29T17:16:46: ❌ Error loading tracked channels: TypeError: redis.json(...).get is not a function
    at Timeout.loadTrackedChannels [as _onTimeout] (file:///Users/nabu/kol/discord-bots/analytics-bot-resilient.mjs:121:42)
    at process.processTicksAndRejections (node:internal/process/task_queues:105:5)
2025-06-29T17:21:46: ❌ Error loading tracked channels: TypeError: redis.json(...).get is not a function
    at Timeout.loadTrackedChannels [as _onTimeout] (file:///Users/nabu/kol/discord-bots/analytics-bot-resilient.mjs:121:42)
    at process.processTicksAndRejections (node:internal/process/task_queues:105:5)
2025-06-29T17:21:46: 💀 CRITICAL ERROR in Failed to load tracked channels: TypeError: redis.json(...).get is not a function
    at Timeout.loadTrackedChannels [as _onTimeout] (file:///Users/nabu/kol/discord-bots/analytics-bot-resilient.mjs:121:42)
    at process.processTicksAndRejections (node:internal/process/task_queues:105:5)
2025-06-29T17:21:46: ⚠️  Failed to send alert email: Can't send mail - all recipients were rejected: 550 5.7.1 <admin@nabulines.com>: Recipient address rejected: Mailbox is out of service
2025-06-29T17:21:48: ❌ Error loading tracked channels: TypeError: redis.json(...).get is not a function
    at loadTrackedChannels (file:///Users/nabu/kol/discord-bots/analytics-bot-resilient.mjs:121:42)
    at process.processTicksAndRejections (node:internal/process/task_queues:105:5)
    at async Client.<anonymous> (file:///Users/nabu/kol/discord-bots/analytics-bot-resilient.mjs:465:3)
2025-06-29T17:26:48: ❌ Error loading tracked channels: TypeError: redis.json(...).get is not a function
    at Timeout.loadTrackedChannels [as _onTimeout] (file:///Users/nabu/kol/discord-bots/analytics-bot-resilient.mjs:121:42)
    at process.processTicksAndRejections (node:internal/process/task_queues:105:5)
2025-06-29T17:31:48: ❌ Error loading tracked channels: TypeError: redis.json(...).get is not a function
    at Timeout.loadTrackedChannels [as _onTimeout] (file:///Users/nabu/kol/discord-bots/analytics-bot-resilient.mjs:121:42)
    at process.processTicksAndRejections (node:internal/process/task_queues:105:5)
2025-06-29T17:36:48: ❌ Error loading tracked channels: TypeError: redis.json(...).get is not a function
    at Timeout.loadTrackedChannels [as _onTimeout] (file:///Users/nabu/kol/discord-bots/analytics-bot-resilient.mjs:121:42)
    at process.processTicksAndRejections (node:internal/process/task_queues:105:5)
2025-06-29T17:41:48: ❌ Error loading tracked channels: TypeError: redis.json(...).get is not a function
    at Timeout.loadTrackedChannels [as _onTimeout] (file:///Users/nabu/kol/discord-bots/analytics-bot-resilient.mjs:121:42)
    at process.processTicksAndRejections (node:internal/process/task_queues:105:5)
2025-06-29T17:46:48: ❌ Error loading tracked channels: TypeError: redis.json(...).get is not a function
    at Timeout.loadTrackedChannels [as _onTimeout] (file:///Users/nabu/kol/discord-bots/analytics-bot-resilient.mjs:121:42)
    at process.processTicksAndRejections (node:internal/process/task_queues:105:5)
2025-06-29T17:46:48: 💀 CRITICAL ERROR in Failed to load tracked channels: TypeError: redis.json(...).get is not a function
    at Timeout.loadTrackedChannels [as _onTimeout] (file:///Users/nabu/kol/discord-bots/analytics-bot-resilient.mjs:121:42)
    at process.processTicksAndRejections (node:internal/process/task_queues:105:5)
2025-06-29T17:46:48: ⚠️  Failed to send alert email: Can't send mail - all recipients were rejected: 550 5.7.1 <admin@nabulines.com>: Recipient address rejected: Mailbox is out of service
2025-06-29T17:46:50: ❌ Error loading tracked channels: TypeError: redis.json(...).get is not a function
    at loadTrackedChannels (file:///Users/nabu/kol/discord-bots/analytics-bot-resilient.mjs:121:42)
    at process.processTicksAndRejections (node:internal/process/task_queues:105:5)
    at async Client.<anonymous> (file:///Users/nabu/kol/discord-bots/analytics-bot-resilient.mjs:465:3)
2025-06-29T17:51:50: ❌ Error loading tracked channels: TypeError: redis.json(...).get is not a function
    at Timeout.loadTrackedChannels [as _onTimeout] (file:///Users/nabu/kol/discord-bots/analytics-bot-resilient.mjs:121:42)
    at process.processTicksAndRejections (node:internal/process/task_queues:105:5)
2025-06-29T17:56:50: ❌ Error loading tracked channels: TypeError: redis.json(...).get is not a function
    at Timeout.loadTrackedChannels [as _onTimeout] (file:///Users/nabu/kol/discord-bots/analytics-bot-resilient.mjs:121:42)
    at process.processTicksAndRejections (node:internal/process/task_queues:105:5)
2025-06-29T18:01:50: ❌ Error loading tracked channels: TypeError: redis.json(...).get is not a function
    at Timeout.loadTrackedChannels [as _onTimeout] (file:///Users/nabu/kol/discord-bots/analytics-bot-resilient.mjs:121:42)
    at process.processTicksAndRejections (node:internal/process/task_queues:105:5)
2025-06-29T18:06:50: ❌ Error loading tracked channels: TypeError: redis.json(...).get is not a function
    at Timeout.loadTrackedChannels [as _onTimeout] (file:///Users/nabu/kol/discord-bots/analytics-bot-resilient.mjs:121:42)
    at process.processTicksAndRejections (node:internal/process/task_queues:105:5)
2025-06-29T18:11:50: ❌ Error loading tracked channels: TypeError: redis.json(...).get is not a function
    at Timeout.loadTrackedChannels [as _onTimeout] (file:///Users/nabu/kol/discord-bots/analytics-bot-resilient.mjs:121:42)
    at process.processTicksAndRejections (node:internal/process/task_queues:105:5)
2025-06-29T18:11:50: 💀 CRITICAL ERROR in Failed to load tracked channels: TypeError: redis.json(...).get is not a function
    at Timeout.loadTrackedChannels [as _onTimeout] (file:///Users/nabu/kol/discord-bots/analytics-bot-resilient.mjs:121:42)
    at process.processTicksAndRejections (node:internal/process/task_queues:105:5)
2025-06-29T18:11:51: ⚠️  Failed to send alert email: Can't send mail - all recipients were rejected: 550 5.7.1 <admin@nabulines.com>: Recipient address rejected: Mailbox is out of service
2025-06-29T18:11:52: ❌ Error loading tracked channels: TypeError: redis.json(...).get is not a function
    at loadTrackedChannels (file:///Users/nabu/kol/discord-bots/analytics-bot-resilient.mjs:121:42)
    at process.processTicksAndRejections (node:internal/process/task_queues:105:5)
    at async Client.<anonymous> (file:///Users/nabu/kol/discord-bots/analytics-bot-resilient.mjs:465:3)
2025-06-29T18:16:52: ❌ Error loading tracked channels: TypeError: redis.json(...).get is not a function
    at Timeout.loadTrackedChannels [as _onTimeout] (file:///Users/nabu/kol/discord-bots/analytics-bot-resilient.mjs:121:42)
    at process.processTicksAndRejections (node:internal/process/task_queues:105:5)
2025-06-29T18:21:52: ❌ Error loading tracked channels: TypeError: redis.json(...).get is not a function
    at Timeout.loadTrackedChannels [as _onTimeout] (file:///Users/nabu/kol/discord-bots/analytics-bot-resilient.mjs:121:42)
    at process.processTicksAndRejections (node:internal/process/task_queues:105:5)
2025-06-29T18:26:52: ❌ Error loading tracked channels: TypeError: redis.json(...).get is not a function
    at Timeout.loadTrackedChannels [as _onTimeout] (file:///Users/nabu/kol/discord-bots/analytics-bot-resilient.mjs:121:42)
    at process.processTicksAndRejections (node:internal/process/task_queues:105:5)
2025-06-29T18:31:52: ❌ Error loading tracked channels: TypeError: redis.json(...).get is not a function
    at Timeout.loadTrackedChannels [as _onTimeout] (file:///Users/nabu/kol/discord-bots/analytics-bot-resilient.mjs:121:42)
    at process.processTicksAndRejections (node:internal/process/task_queues:105:5)
2025-06-29T18:36:52: ❌ Error loading tracked channels: TypeError: redis.json(...).get is not a function
    at Timeout.loadTrackedChannels [as _onTimeout] (file:///Users/nabu/kol/discord-bots/analytics-bot-resilient.mjs:121:42)
    at process.processTicksAndRejections (node:internal/process/task_queues:105:5)
2025-06-29T18:36:52: 💀 CRITICAL ERROR in Failed to load tracked channels: TypeError: redis.json(...).get is not a function
    at Timeout.loadTrackedChannels [as _onTimeout] (file:///Users/nabu/kol/discord-bots/analytics-bot-resilient.mjs:121:42)
    at process.processTicksAndRejections (node:internal/process/task_queues:105:5)
2025-06-29T18:36:53: ⚠️  Failed to send alert email: Can't send mail - all recipients were rejected: 550 5.7.1 <admin@nabulines.com>: Recipient address rejected: Mailbox is out of service
2025-06-29T18:36:54: ❌ Error loading tracked channels: TypeError: redis.json(...).get is not a function
    at loadTrackedChannels (file:///Users/nabu/kol/discord-bots/analytics-bot-resilient.mjs:121:42)
    at process.processTicksAndRejections (node:internal/process/task_queues:105:5)
    at async Client.<anonymous> (file:///Users/nabu/kol/discord-bots/analytics-bot-resilient.mjs:465:3)
2025-06-29T18:41:54: ❌ Error loading tracked channels: TypeError: redis.json(...).get is not a function
    at Timeout.loadTrackedChannels [as _onTimeout] (file:///Users/nabu/kol/discord-bots/analytics-bot-resilient.mjs:121:42)
    at process.processTicksAndRejections (node:internal/process/task_queues:105:5)
2025-06-29T18:46:54: ❌ Error loading tracked channels: TypeError: redis.json(...).get is not a function
    at Timeout.loadTrackedChannels [as _onTimeout] (file:///Users/nabu/kol/discord-bots/analytics-bot-resilient.mjs:121:42)
    at process.processTicksAndRejections (node:internal/process/task_queues:105:5)
2025-06-29T18:51:54: ❌ Error loading tracked channels: TypeError: redis.json(...).get is not a function
    at Timeout.loadTrackedChannels [as _onTimeout] (file:///Users/nabu/kol/discord-bots/analytics-bot-resilient.mjs:121:42)
    at process.processTicksAndRejections (node:internal/process/task_queues:105:5)
2025-06-29T18:56:54: ❌ Error loading tracked channels: TypeError: redis.json(...).get is not a function
    at Timeout.loadTrackedChannels [as _onTimeout] (file:///Users/nabu/kol/discord-bots/analytics-bot-resilient.mjs:121:42)
    at process.processTicksAndRejections (node:internal/process/task_queues:105:5)
2025-06-29T19:01:54: ❌ Error loading tracked channels: TypeError: redis.json(...).get is not a function
    at Timeout.loadTrackedChannels [as _onTimeout] (file:///Users/nabu/kol/discord-bots/analytics-bot-resilient.mjs:121:42)
    at process.processTicksAndRejections (node:internal/process/task_queues:105:5)
2025-06-29T19:01:54: 💀 CRITICAL ERROR in Failed to load tracked channels: TypeError: redis.json(...).get is not a function
    at Timeout.loadTrackedChannels [as _onTimeout] (file:///Users/nabu/kol/discord-bots/analytics-bot-resilient.mjs:121:42)
    at process.processTicksAndRejections (node:internal/process/task_queues:105:5)
2025-06-29T19:01:55: ⚠️  Failed to send alert email: Can't send mail - all recipients were rejected: 550 5.7.1 <admin@nabulines.com>: Recipient address rejected: Mailbox is out of service
2025-06-29T19:01:56: ❌ Error loading tracked channels: TypeError: redis.json(...).get is not a function
    at loadTrackedChannels (file:///Users/nabu/kol/discord-bots/analytics-bot-resilient.mjs:121:42)
    at process.processTicksAndRejections (node:internal/process/task_queues:105:5)
    at async Client.<anonymous> (file:///Users/nabu/kol/discord-bots/analytics-bot-resilient.mjs:465:3)
2025-06-29T19:06:56: ❌ Error loading tracked channels: TypeError: redis.json(...).get is not a function
    at Timeout.loadTrackedChannels [as _onTimeout] (file:///Users/nabu/kol/discord-bots/analytics-bot-resilient.mjs:121:42)
    at process.processTicksAndRejections (node:internal/process/task_queues:105:5)
2025-06-29T19:11:56: ❌ Error loading tracked channels: TypeError: redis.json(...).get is not a function
    at Timeout.loadTrackedChannels [as _onTimeout] (file:///Users/nabu/kol/discord-bots/analytics-bot-resilient.mjs:121:42)
    at process.processTicksAndRejections (node:internal/process/task_queues:105:5)
2025-06-29T19:16:56: ❌ Error loading tracked channels: TypeError: redis.json(...).get is not a function
    at Timeout.loadTrackedChannels [as _onTimeout] (file:///Users/nabu/kol/discord-bots/analytics-bot-resilient.mjs:121:42)
    at process.processTicksAndRejections (node:internal/process/task_queues:105:5)
2025-06-29T19:21:56: ❌ Error loading tracked channels: TypeError: redis.json(...).get is not a function
    at Timeout.loadTrackedChannels [as _onTimeout] (file:///Users/nabu/kol/discord-bots/analytics-bot-resilient.mjs:121:42)
    at process.processTicksAndRejections (node:internal/process/task_queues:105:5)
2025-06-29T19:26:57: ❌ Error loading tracked channels: TypeError: redis.json(...).get is not a function
    at Timeout.loadTrackedChannels [as _onTimeout] (file:///Users/nabu/kol/discord-bots/analytics-bot-resilient.mjs:121:42)
    at process.processTicksAndRejections (node:internal/process/task_queues:105:5)
2025-06-29T19:26:57: 💀 CRITICAL ERROR in Failed to load tracked channels: TypeError: redis.json(...).get is not a function
    at Timeout.loadTrackedChannels [as _onTimeout] (file:///Users/nabu/kol/discord-bots/analytics-bot-resilient.mjs:121:42)
    at process.processTicksAndRejections (node:internal/process/task_queues:105:5)
2025-06-29T19:26:57: ⚠️  Failed to send alert email: Can't send mail - all recipients were rejected: 550 5.7.1 <admin@nabulines.com>: Recipient address rejected: Mailbox is out of service
2025-06-29T19:26:59: ❌ Error loading tracked channels: TypeError: redis.json(...).get is not a function
    at loadTrackedChannels (file:///Users/nabu/kol/discord-bots/analytics-bot-resilient.mjs:121:42)
    at process.processTicksAndRejections (node:internal/process/task_queues:105:5)
    at async Client.<anonymous> (file:///Users/nabu/kol/discord-bots/analytics-bot-resilient.mjs:465:3)
2025-06-29T19:31:59: ❌ Error loading tracked channels: TypeError: redis.json(...).get is not a function
    at Timeout.loadTrackedChannels [as _onTimeout] (file:///Users/nabu/kol/discord-bots/analytics-bot-resilient.mjs:121:42)
    at process.processTicksAndRejections (node:internal/process/task_queues:105:5)
2025-06-29T19:36:59: ❌ Error loading tracked channels: TypeError: redis.json(...).get is not a function
    at Timeout.loadTrackedChannels [as _onTimeout] (file:///Users/nabu/kol/discord-bots/analytics-bot-resilient.mjs:121:42)
    at process.processTicksAndRejections (node:internal/process/task_queues:105:5)
2025-06-29T19:41:59: ❌ Error loading tracked channels: TypeError: redis.json(...).get is not a function
    at Timeout.loadTrackedChannels [as _onTimeout] (file:///Users/nabu/kol/discord-bots/analytics-bot-resilient.mjs:121:42)
    at process.processTicksAndRejections (node:internal/process/task_queues:105:5)
2025-06-29T19:46:59: ❌ Error loading tracked channels: TypeError: redis.json(...).get is not a function
    at Timeout.loadTrackedChannels [as _onTimeout] (file:///Users/nabu/kol/discord-bots/analytics-bot-resilient.mjs:121:42)
    at process.processTicksAndRejections (node:internal/process/task_queues:105:5)
2025-06-29T19:51:59: ❌ Error loading tracked channels: TypeError: redis.json(...).get is not a function
    at Timeout.loadTrackedChannels [as _onTimeout] (file:///Users/nabu/kol/discord-bots/analytics-bot-resilient.mjs:121:42)
    at process.processTicksAndRejections (node:internal/process/task_queues:105:5)
2025-06-29T19:51:59: 💀 CRITICAL ERROR in Failed to load tracked channels: TypeError: redis.json(...).get is not a function
    at Timeout.loadTrackedChannels [as _onTimeout] (file:///Users/nabu/kol/discord-bots/analytics-bot-resilient.mjs:121:42)
    at process.processTicksAndRejections (node:internal/process/task_queues:105:5)
2025-06-29T19:51:59: ⚠️  Failed to send alert email: Can't send mail - all recipients were rejected: 550 5.7.1 <admin@nabulines.com>: Recipient address rejected: Mailbox is out of service
2025-06-29T19:52:01: ❌ Error loading tracked channels: TypeError: redis.json(...).get is not a function
    at loadTrackedChannels (file:///Users/nabu/kol/discord-bots/analytics-bot-resilient.mjs:121:42)
    at process.processTicksAndRejections (node:internal/process/task_queues:105:5)
    at async Client.<anonymous> (file:///Users/nabu/kol/discord-bots/analytics-bot-resilient.mjs:465:3)
2025-06-29T19:57:01: ❌ Error loading tracked channels: TypeError: redis.json(...).get is not a function
    at Timeout.loadTrackedChannels [as _onTimeout] (file:///Users/nabu/kol/discord-bots/analytics-bot-resilient.mjs:121:42)
    at process.processTicksAndRejections (node:internal/process/task_queues:105:5)
2025-06-29T20:02:01: ❌ Error loading tracked channels: TypeError: redis.json(...).get is not a function
    at Timeout.loadTrackedChannels [as _onTimeout] (file:///Users/nabu/kol/discord-bots/analytics-bot-resilient.mjs:121:42)
    at process.processTicksAndRejections (node:internal/process/task_queues:105:5)
2025-06-29T20:07:01: ❌ Error loading tracked channels: TypeError: redis.json(...).get is not a function
    at Timeout.loadTrackedChannels [as _onTimeout] (file:///Users/nabu/kol/discord-bots/analytics-bot-resilient.mjs:121:42)
    at process.processTicksAndRejections (node:internal/process/task_queues:105:5)
2025-06-29T20:12:01: ❌ Error loading tracked channels: TypeError: redis.json(...).get is not a function
    at Timeout.loadTrackedChannels [as _onTimeout] (file:///Users/nabu/kol/discord-bots/analytics-bot-resilient.mjs:121:42)
    at process.processTicksAndRejections (node:internal/process/task_queues:105:5)
2025-06-29T20:17:01: ❌ Error loading tracked channels: TypeError: redis.json(...).get is not a function
    at Timeout.loadTrackedChannels [as _onTimeout] (file:///Users/nabu/kol/discord-bots/analytics-bot-resilient.mjs:121:42)
    at process.processTicksAndRejections (node:internal/process/task_queues:105:5)
2025-06-29T20:17:01: 💀 CRITICAL ERROR in Failed to load tracked channels: TypeError: redis.json(...).get is not a function
    at Timeout.loadTrackedChannels [as _onTimeout] (file:///Users/nabu/kol/discord-bots/analytics-bot-resilient.mjs:121:42)
    at process.processTicksAndRejections (node:internal/process/task_queues:105:5)
2025-06-29T20:17:02: ⚠️  Failed to send alert email: Can't send mail - all recipients were rejected: 550 5.7.1 <admin@nabulines.com>: Recipient address rejected: Mailbox is out of service
2025-06-29T20:17:03: ❌ Error loading tracked channels: TypeError: redis.json(...).get is not a function
    at loadTrackedChannels (file:///Users/nabu/kol/discord-bots/analytics-bot-resilient.mjs:121:42)
    at process.processTicksAndRejections (node:internal/process/task_queues:105:5)
    at async Client.<anonymous> (file:///Users/nabu/kol/discord-bots/analytics-bot-resilient.mjs:465:3)
2025-06-29T20:22:03: ❌ Error loading tracked channels: TypeError: redis.json(...).get is not a function
    at Timeout.loadTrackedChannels [as _onTimeout] (file:///Users/nabu/kol/discord-bots/analytics-bot-resilient.mjs:121:42)
    at process.processTicksAndRejections (node:internal/process/task_queues:105:5)
2025-06-29T20:27:03: ❌ Error loading tracked channels: TypeError: redis.json(...).get is not a function
    at Timeout.loadTrackedChannels [as _onTimeout] (file:///Users/nabu/kol/discord-bots/analytics-bot-resilient.mjs:121:42)
    at process.processTicksAndRejections (node:internal/process/task_queues:105:5)
2025-06-29T20:32:03: ❌ Error loading tracked channels: TypeError: redis.json(...).get is not a function
    at Timeout.loadTrackedChannels [as _onTimeout] (file:///Users/nabu/kol/discord-bots/analytics-bot-resilient.mjs:121:42)
    at process.processTicksAndRejections (node:internal/process/task_queues:105:5)
2025-06-29T20:37:03: ❌ Error loading tracked channels: TypeError: redis.json(...).get is not a function
    at Timeout.loadTrackedChannels [as _onTimeout] (file:///Users/nabu/kol/discord-bots/analytics-bot-resilient.mjs:121:42)
    at process.processTicksAndRejections (node:internal/process/task_queues:105:5)
2025-06-29T20:42:03: ❌ Error loading tracked channels: TypeError: redis.json(...).get is not a function
    at Timeout.loadTrackedChannels [as _onTimeout] (file:///Users/nabu/kol/discord-bots/analytics-bot-resilient.mjs:121:42)
    at process.processTicksAndRejections (node:internal/process/task_queues:105:5)
2025-06-29T20:42:03: 💀 CRITICAL ERROR in Failed to load tracked channels: TypeError: redis.json(...).get is not a function
    at Timeout.loadTrackedChannels [as _onTimeout] (file:///Users/nabu/kol/discord-bots/analytics-bot-resilient.mjs:121:42)
    at process.processTicksAndRejections (node:internal/process/task_queues:105:5)
2025-06-29T20:42:04: ⚠️  Failed to send alert email: Can't send mail - all recipients were rejected: 550 5.7.1 <admin@nabulines.com>: Recipient address rejected: Mailbox is out of service
2025-06-29T20:42:05: ❌ Error loading tracked channels: TypeError: redis.json(...).get is not a function
    at loadTrackedChannels (file:///Users/nabu/kol/discord-bots/analytics-bot-resilient.mjs:121:42)
    at process.processTicksAndRejections (node:internal/process/task_queues:105:5)
    at async Client.<anonymous> (file:///Users/nabu/kol/discord-bots/analytics-bot-resilient.mjs:465:3)
2025-06-29T20:47:05: ❌ Error loading tracked channels: TypeError: redis.json(...).get is not a function
    at Timeout.loadTrackedChannels [as _onTimeout] (file:///Users/nabu/kol/discord-bots/analytics-bot-resilient.mjs:121:42)
    at process.processTicksAndRejections (node:internal/process/task_queues:105:5)
2025-06-29T20:52:05: ❌ Error loading tracked channels: TypeError: redis.json(...).get is not a function
    at Timeout.loadTrackedChannels [as _onTimeout] (file:///Users/nabu/kol/discord-bots/analytics-bot-resilient.mjs:121:42)
    at process.processTicksAndRejections (node:internal/process/task_queues:105:5)
2025-06-29T20:57:05: ❌ Error loading tracked channels: TypeError: redis.json(...).get is not a function
    at Timeout.loadTrackedChannels [as _onTimeout] (file:///Users/nabu/kol/discord-bots/analytics-bot-resilient.mjs:121:42)
    at process.processTicksAndRejections (node:internal/process/task_queues:105:5)
2025-06-29T21:02:05: ❌ Error loading tracked channels: TypeError: redis.json(...).get is not a function
    at Timeout.loadTrackedChannels [as _onTimeout] (file:///Users/nabu/kol/discord-bots/analytics-bot-resilient.mjs:121:42)
    at process.processTicksAndRejections (node:internal/process/task_queues:105:5)
2025-06-29T21:07:05: ❌ Error loading tracked channels: TypeError: redis.json(...).get is not a function
    at Timeout.loadTrackedChannels [as _onTimeout] (file:///Users/nabu/kol/discord-bots/analytics-bot-resilient.mjs:121:42)
    at process.processTicksAndRejections (node:internal/process/task_queues:105:5)
2025-06-29T21:07:05: 💀 CRITICAL ERROR in Failed to load tracked channels: TypeError: redis.json(...).get is not a function
    at Timeout.loadTrackedChannels [as _onTimeout] (file:///Users/nabu/kol/discord-bots/analytics-bot-resilient.mjs:121:42)
    at process.processTicksAndRejections (node:internal/process/task_queues:105:5)
2025-06-29T21:07:06: ⚠️  Failed to send alert email: Can't send mail - all recipients were rejected: 550 5.7.1 <admin@nabulines.com>: Recipient address rejected: Mailbox is out of service
2025-06-29T21:07:07: ❌ Error loading tracked channels: TypeError: redis.json(...).get is not a function
    at loadTrackedChannels (file:///Users/nabu/kol/discord-bots/analytics-bot-resilient.mjs:121:42)
    at process.processTicksAndRejections (node:internal/process/task_queues:105:5)
    at async Client.<anonymous> (file:///Users/nabu/kol/discord-bots/analytics-bot-resilient.mjs:465:3)
2025-06-29T21:12:07: ❌ Error loading tracked channels: TypeError: redis.json(...).get is not a function
    at Timeout.loadTrackedChannels [as _onTimeout] (file:///Users/nabu/kol/discord-bots/analytics-bot-resilient.mjs:121:42)
    at process.processTicksAndRejections (node:internal/process/task_queues:105:5)
2025-06-29T21:17:07: ❌ Error loading tracked channels: TypeError: redis.json(...).get is not a function
    at Timeout.loadTrackedChannels [as _onTimeout] (file:///Users/nabu/kol/discord-bots/analytics-bot-resilient.mjs:121:42)
    at process.processTicksAndRejections (node:internal/process/task_queues:105:5)
2025-06-29T21:22:07: ❌ Error loading tracked channels: TypeError: redis.json(...).get is not a function
    at Timeout.loadTrackedChannels [as _onTimeout] (file:///Users/nabu/kol/discord-bots/analytics-bot-resilient.mjs:121:42)
    at process.processTicksAndRejections (node:internal/process/task_queues:105:5)
2025-06-29T21:27:07: ❌ Error loading tracked channels: TypeError: redis.json(...).get is not a function
    at Timeout.loadTrackedChannels [as _onTimeout] (file:///Users/nabu/kol/discord-bots/analytics-bot-resilient.mjs:121:42)
    at process.processTicksAndRejections (node:internal/process/task_queues:105:5)
2025-06-29T21:32:07: ❌ Error loading tracked channels: TypeError: redis.json(...).get is not a function
    at Timeout.loadTrackedChannels [as _onTimeout] (file:///Users/nabu/kol/discord-bots/analytics-bot-resilient.mjs:121:42)
    at process.processTicksAndRejections (node:internal/process/task_queues:105:5)
2025-06-29T21:32:07: 💀 CRITICAL ERROR in Failed to load tracked channels: TypeError: redis.json(...).get is not a function
    at Timeout.loadTrackedChannels [as _onTimeout] (file:///Users/nabu/kol/discord-bots/analytics-bot-resilient.mjs:121:42)
    at process.processTicksAndRejections (node:internal/process/task_queues:105:5)
2025-06-29T21:32:08: ⚠️  Failed to send alert email: Can't send mail - all recipients were rejected: 550 5.7.1 <admin@nabulines.com>: Recipient address rejected: Mailbox is out of service
2025-06-29T21:32:09: ❌ Error loading tracked channels: TypeError: redis.json(...).get is not a function
    at loadTrackedChannels (file:///Users/nabu/kol/discord-bots/analytics-bot-resilient.mjs:121:42)
    at process.processTicksAndRejections (node:internal/process/task_queues:105:5)
    at async Client.<anonymous> (file:///Users/nabu/kol/discord-bots/analytics-bot-resilient.mjs:465:3)
2025-06-29T21:37:09: ❌ Error loading tracked channels: TypeError: redis.json(...).get is not a function
    at Timeout.loadTrackedChannels [as _onTimeout] (file:///Users/nabu/kol/discord-bots/analytics-bot-resilient.mjs:121:42)
    at process.processTicksAndRejections (node:internal/process/task_queues:105:5)
2025-06-29T21:42:10: ❌ Error loading tracked channels: TypeError: redis.json(...).get is not a function
    at Timeout.loadTrackedChannels [as _onTimeout] (file:///Users/nabu/kol/discord-bots/analytics-bot-resilient.mjs:121:42)
    at process.processTicksAndRejections (node:internal/process/task_queues:105:5)
2025-06-29T21:47:09: ❌ Error loading tracked channels: TypeError: redis.json(...).get is not a function
    at Timeout.loadTrackedChannels [as _onTimeout] (file:///Users/nabu/kol/discord-bots/analytics-bot-resilient.mjs:121:42)
    at process.processTicksAndRejections (node:internal/process/task_queues:105:5)
2025-06-29T21:52:09: ❌ Error loading tracked channels: TypeError: redis.json(...).get is not a function
    at Timeout.loadTrackedChannels [as _onTimeout] (file:///Users/nabu/kol/discord-bots/analytics-bot-resilient.mjs:121:42)
    at process.processTicksAndRejections (node:internal/process/task_queues:105:5)
2025-06-29T21:57:09: ❌ Error loading tracked channels: TypeError: redis.json(...).get is not a function
    at Timeout.loadTrackedChannels [as _onTimeout] (file:///Users/nabu/kol/discord-bots/analytics-bot-resilient.mjs:121:42)
    at process.processTicksAndRejections (node:internal/process/task_queues:105:5)
2025-06-29T21:57:09: 💀 CRITICAL ERROR in Failed to load tracked channels: TypeError: redis.json(...).get is not a function
    at Timeout.loadTrackedChannels [as _onTimeout] (file:///Users/nabu/kol/discord-bots/analytics-bot-resilient.mjs:121:42)
    at process.processTicksAndRejections (node:internal/process/task_queues:105:5)
2025-06-29T21:57:10: ⚠️  Failed to send alert email: Can't send mail - all recipients were rejected: 550 5.7.1 <admin@nabulines.com>: Recipient address rejected: Mailbox is out of service
2025-06-29T21:57:12: ❌ Error loading tracked channels: TypeError: redis.json(...).get is not a function
    at loadTrackedChannels (file:///Users/nabu/kol/discord-bots/analytics-bot-resilient.mjs:121:42)
    at process.processTicksAndRejections (node:internal/process/task_queues:105:5)
    at async Client.<anonymous> (file:///Users/nabu/kol/discord-bots/analytics-bot-resilient.mjs:465:3)
2025-06-29T22:02:12: ❌ Error loading tracked channels: TypeError: redis.json(...).get is not a function
    at Timeout.loadTrackedChannels [as _onTimeout] (file:///Users/nabu/kol/discord-bots/analytics-bot-resilient.mjs:121:42)
    at process.processTicksAndRejections (node:internal/process/task_queues:105:5)
2025-06-29T22:07:12: ❌ Error loading tracked channels: TypeError: redis.json(...).get is not a function
    at Timeout.loadTrackedChannels [as _onTimeout] (file:///Users/nabu/kol/discord-bots/analytics-bot-resilient.mjs:121:42)
    at process.processTicksAndRejections (node:internal/process/task_queues:105:5)
2025-06-29T22:12:12: ❌ Error loading tracked channels: TypeError: redis.json(...).get is not a function
    at Timeout.loadTrackedChannels [as _onTimeout] (file:///Users/nabu/kol/discord-bots/analytics-bot-resilient.mjs:121:42)
    at process.processTicksAndRejections (node:internal/process/task_queues:105:5)
2025-06-29T22:17:12: ❌ Error loading tracked channels: TypeError: redis.json(...).get is not a function
    at Timeout.loadTrackedChannels [as _onTimeout] (file:///Users/nabu/kol/discord-bots/analytics-bot-resilient.mjs:121:42)
    at process.processTicksAndRejections (node:internal/process/task_queues:105:5)
2025-06-29T22:22:12: ❌ Error loading tracked channels: TypeError: redis.json(...).get is not a function
    at Timeout.loadTrackedChannels [as _onTimeout] (file:///Users/nabu/kol/discord-bots/analytics-bot-resilient.mjs:121:42)
    at process.processTicksAndRejections (node:internal/process/task_queues:105:5)
2025-06-29T22:22:12: 💀 CRITICAL ERROR in Failed to load tracked channels: TypeError: redis.json(...).get is not a function
    at Timeout.loadTrackedChannels [as _onTimeout] (file:///Users/nabu/kol/discord-bots/analytics-bot-resilient.mjs:121:42)
    at process.processTicksAndRejections (node:internal/process/task_queues:105:5)
2025-06-29T22:22:12: ⚠️  Failed to send alert email: Can't send mail - all recipients were rejected: 550 5.7.1 <admin@nabulines.com>: Recipient address rejected: Mailbox is out of service
2025-06-29T22:22:14: ❌ Error loading tracked channels: TypeError: redis.json(...).get is not a function
    at loadTrackedChannels (file:///Users/nabu/kol/discord-bots/analytics-bot-resilient.mjs:121:42)
    at process.processTicksAndRejections (node:internal/process/task_queues:105:5)
    at async Client.<anonymous> (file:///Users/nabu/kol/discord-bots/analytics-bot-resilient.mjs:465:3)
2025-06-29T22:27:14: ❌ Error loading tracked channels: TypeError: redis.json(...).get is not a function
    at Timeout.loadTrackedChannels [as _onTimeout] (file:///Users/nabu/kol/discord-bots/analytics-bot-resilient.mjs:121:42)
    at process.processTicksAndRejections (node:internal/process/task_queues:105:5)
2025-06-29T22:32:14: ❌ Error loading tracked channels: TypeError: redis.json(...).get is not a function
    at Timeout.loadTrackedChannels [as _onTimeout] (file:///Users/nabu/kol/discord-bots/analytics-bot-resilient.mjs:121:42)
    at process.processTicksAndRejections (node:internal/process/task_queues:105:5)
2025-06-29T22:37:14: ❌ Error loading tracked channels: TypeError: redis.json(...).get is not a function
    at Timeout.loadTrackedChannels [as _onTimeout] (file:///Users/nabu/kol/discord-bots/analytics-bot-resilient.mjs:121:42)
    at process.processTicksAndRejections (node:internal/process/task_queues:105:5)
2025-06-29T22:42:14: ❌ Error loading tracked channels: TypeError: redis.json(...).get is not a function
    at Timeout.loadTrackedChannels [as _onTimeout] (file:///Users/nabu/kol/discord-bots/analytics-bot-resilient.mjs:121:42)
    at process.processTicksAndRejections (node:internal/process/task_queues:105:5)
2025-06-29T22:47:14: ❌ Error loading tracked channels: TypeError: redis.json(...).get is not a function
    at Timeout.loadTrackedChannels [as _onTimeout] (file:///Users/nabu/kol/discord-bots/analytics-bot-resilient.mjs:121:42)
    at process.processTicksAndRejections (node:internal/process/task_queues:105:5)
2025-06-29T22:47:14: 💀 CRITICAL ERROR in Failed to load tracked channels: TypeError: redis.json(...).get is not a function
    at Timeout.loadTrackedChannels [as _onTimeout] (file:///Users/nabu/kol/discord-bots/analytics-bot-resilient.mjs:121:42)
    at process.processTicksAndRejections (node:internal/process/task_queues:105:5)
2025-06-29T22:47:15: ⚠️  Failed to send alert email: Can't send mail - all recipients were rejected: 550 5.7.1 <admin@nabulines.com>: Recipient address rejected: Mailbox is out of service
2025-06-29T22:47:16: ❌ Error loading tracked channels: TypeError: redis.json(...).get is not a function
    at loadTrackedChannels (file:///Users/nabu/kol/discord-bots/analytics-bot-resilient.mjs:121:42)
    at process.processTicksAndRejections (node:internal/process/task_queues:105:5)
    at async Client.<anonymous> (file:///Users/nabu/kol/discord-bots/analytics-bot-resilient.mjs:465:3)
2025-06-29T22:52:16: ❌ Error loading tracked channels: TypeError: redis.json(...).get is not a function
    at Timeout.loadTrackedChannels [as _onTimeout] (file:///Users/nabu/kol/discord-bots/analytics-bot-resilient.mjs:121:42)
    at process.processTicksAndRejections (node:internal/process/task_queues:105:5)
2025-06-29T22:57:16: ❌ Error loading tracked channels: TypeError: redis.json(...).get is not a function
    at Timeout.loadTrackedChannels [as _onTimeout] (file:///Users/nabu/kol/discord-bots/analytics-bot-resilient.mjs:121:42)
    at process.processTicksAndRejections (node:internal/process/task_queues:105:5)
2025-06-29T23:02:16: ❌ Error loading tracked channels: TypeError: redis.json(...).get is not a function
    at Timeout.loadTrackedChannels [as _onTimeout] (file:///Users/nabu/kol/discord-bots/analytics-bot-resilient.mjs:121:42)
    at process.processTicksAndRejections (node:internal/process/task_queues:105:5)
2025-06-29T23:07:16: ❌ Error loading tracked channels: TypeError: redis.json(...).get is not a function
    at Timeout.loadTrackedChannels [as _onTimeout] (file:///Users/nabu/kol/discord-bots/analytics-bot-resilient.mjs:121:42)
    at process.processTicksAndRejections (node:internal/process/task_queues:105:5)
2025-06-29T23:12:16: ❌ Error loading tracked channels: TypeError: redis.json(...).get is not a function
    at Timeout.loadTrackedChannels [as _onTimeout] (file:///Users/nabu/kol/discord-bots/analytics-bot-resilient.mjs:121:42)
    at process.processTicksAndRejections (node:internal/process/task_queues:105:5)
2025-06-29T23:12:16: 💀 CRITICAL ERROR in Failed to load tracked channels: TypeError: redis.json(...).get is not a function
    at Timeout.loadTrackedChannels [as _onTimeout] (file:///Users/nabu/kol/discord-bots/analytics-bot-resilient.mjs:121:42)
    at process.processTicksAndRejections (node:internal/process/task_queues:105:5)
2025-06-29T23:12:17: ⚠️  Failed to send alert email: Can't send mail - all recipients were rejected: 550 5.7.1 <admin@nabulines.com>: Recipient address rejected: Mailbox is out of service
2025-06-29T23:12:18: ❌ Error loading tracked channels: TypeError: redis.json(...).get is not a function
    at loadTrackedChannels (file:///Users/nabu/kol/discord-bots/analytics-bot-resilient.mjs:121:42)
    at process.processTicksAndRejections (node:internal/process/task_queues:105:5)
    at async Client.<anonymous> (file:///Users/nabu/kol/discord-bots/analytics-bot-resilient.mjs:465:3)
2025-06-29T23:17:18: ❌ Error loading tracked channels: TypeError: redis.json(...).get is not a function
    at Timeout.loadTrackedChannels [as _onTimeout] (file:///Users/nabu/kol/discord-bots/analytics-bot-resilient.mjs:121:42)
    at process.processTicksAndRejections (node:internal/process/task_queues:105:5)
2025-06-29T23:22:18: ❌ Error loading tracked channels: TypeError: redis.json(...).get is not a function
    at Timeout.loadTrackedChannels [as _onTimeout] (file:///Users/nabu/kol/discord-bots/analytics-bot-resilient.mjs:121:42)
    at process.processTicksAndRejections (node:internal/process/task_queues:105:5)
2025-06-29T23:27:18: ❌ Error loading tracked channels: TypeError: redis.json(...).get is not a function
    at Timeout.loadTrackedChannels [as _onTimeout] (file:///Users/nabu/kol/discord-bots/analytics-bot-resilient.mjs:121:42)
    at process.processTicksAndRejections (node:internal/process/task_queues:105:5)
2025-06-29T23:32:18: ❌ Error loading tracked channels: TypeError: redis.json(...).get is not a function
    at Timeout.loadTrackedChannels [as _onTimeout] (file:///Users/nabu/kol/discord-bots/analytics-bot-resilient.mjs:121:42)
    at process.processTicksAndRejections (node:internal/process/task_queues:105:5)
2025-06-29T23:37:18: ❌ Error loading tracked channels: TypeError: redis.json(...).get is not a function
    at Timeout.loadTrackedChannels [as _onTimeout] (file:///Users/nabu/kol/discord-bots/analytics-bot-resilient.mjs:121:42)
    at process.processTicksAndRejections (node:internal/process/task_queues:105:5)
2025-06-29T23:37:18: 💀 CRITICAL ERROR in Failed to load tracked channels: TypeError: redis.json(...).get is not a function
    at Timeout.loadTrackedChannels [as _onTimeout] (file:///Users/nabu/kol/discord-bots/analytics-bot-resilient.mjs:121:42)
    at process.processTicksAndRejections (node:internal/process/task_queues:105:5)
2025-06-29T23:37:19: ⚠️  Failed to send alert email: Can't send mail - all recipients were rejected: 550 5.7.1 <admin@nabulines.com>: Recipient address rejected: Mailbox is out of service
2025-06-29T23:37:20: ❌ Error loading tracked channels: TypeError: redis.json(...).get is not a function
    at loadTrackedChannels (file:///Users/nabu/kol/discord-bots/analytics-bot-resilient.mjs:121:42)
    at process.processTicksAndRejections (node:internal/process/task_queues:105:5)
    at async Client.<anonymous> (file:///Users/nabu/kol/discord-bots/analytics-bot-resilient.mjs:465:3)
2025-06-29T23:42:20: ❌ Error loading tracked channels: TypeError: redis.json(...).get is not a function
    at Timeout.loadTrackedChannels [as _onTimeout] (file:///Users/nabu/kol/discord-bots/analytics-bot-resilient.mjs:121:42)
    at process.processTicksAndRejections (node:internal/process/task_queues:105:5)
2025-06-29T23:47:20: ❌ Error loading tracked channels: TypeError: redis.json(...).get is not a function
    at Timeout.loadTrackedChannels [as _onTimeout] (file:///Users/nabu/kol/discord-bots/analytics-bot-resilient.mjs:121:42)
    at process.processTicksAndRejections (node:internal/process/task_queues:105:5)
2025-06-29T23:52:20: ❌ Error loading tracked channels: TypeError: redis.json(...).get is not a function
    at Timeout.loadTrackedChannels [as _onTimeout] (file:///Users/nabu/kol/discord-bots/analytics-bot-resilient.mjs:121:42)
    at process.processTicksAndRejections (node:internal/process/task_queues:105:5)
2025-06-29T23:57:20: ❌ Error loading tracked channels: TypeError: redis.json(...).get is not a function
    at Timeout.loadTrackedChannels [as _onTimeout] (file:///Users/nabu/kol/discord-bots/analytics-bot-resilient.mjs:121:42)
    at process.processTicksAndRejections (node:internal/process/task_queues:105:5)
2025-06-30T00:02:20: ❌ Error loading tracked channels: TypeError: redis.json(...).get is not a function
    at Timeout.loadTrackedChannels [as _onTimeout] (file:///Users/nabu/kol/discord-bots/analytics-bot-resilient.mjs:121:42)
    at process.processTicksAndRejections (node:internal/process/task_queues:105:5)
2025-06-30T00:02:20: 💀 CRITICAL ERROR in Failed to load tracked channels: TypeError: redis.json(...).get is not a function
    at Timeout.loadTrackedChannels [as _onTimeout] (file:///Users/nabu/kol/discord-bots/analytics-bot-resilient.mjs:121:42)
    at process.processTicksAndRejections (node:internal/process/task_queues:105:5)
2025-06-30T00:02:22: ⚠️  Failed to send alert email: Can't send mail - all recipients were rejected: 550 5.7.1 <admin@nabulines.com>: Recipient address rejected: Mailbox is out of service
2025-06-30T00:02:23: ❌ Error loading tracked channels: TypeError: redis.json(...).get is not a function
    at loadTrackedChannels (file:///Users/nabu/kol/discord-bots/analytics-bot-resilient.mjs:121:42)
    at process.processTicksAndRejections (node:internal/process/task_queues:105:5)
    at async Client.<anonymous> (file:///Users/nabu/kol/discord-bots/analytics-bot-resilient.mjs:465:3)
2025-06-30T00:07:23: ❌ Error loading tracked channels: TypeError: redis.json(...).get is not a function
    at Timeout.loadTrackedChannels [as _onTimeout] (file:///Users/nabu/kol/discord-bots/analytics-bot-resilient.mjs:121:42)
    at process.processTicksAndRejections (node:internal/process/task_queues:105:5)
2025-06-30T00:12:23: ❌ Error loading tracked channels: TypeError: redis.json(...).get is not a function
    at Timeout.loadTrackedChannels [as _onTimeout] (file:///Users/nabu/kol/discord-bots/analytics-bot-resilient.mjs:121:42)
    at process.processTicksAndRejections (node:internal/process/task_queues:105:5)
2025-06-30T00:17:23: ❌ Error loading tracked channels: TypeError: redis.json(...).get is not a function
    at Timeout.loadTrackedChannels [as _onTimeout] (file:///Users/nabu/kol/discord-bots/analytics-bot-resilient.mjs:121:42)
    at process.processTicksAndRejections (node:internal/process/task_queues:105:5)
2025-06-30T00:22:23: ❌ Error loading tracked channels: TypeError: redis.json(...).get is not a function
    at Timeout.loadTrackedChannels [as _onTimeout] (file:///Users/nabu/kol/discord-bots/analytics-bot-resilient.mjs:121:42)
    at process.processTicksAndRejections (node:internal/process/task_queues:105:5)
2025-06-30T00:27:23: ❌ Error loading tracked channels: TypeError: redis.json(...).get is not a function
    at Timeout.loadTrackedChannels [as _onTimeout] (file:///Users/nabu/kol/discord-bots/analytics-bot-resilient.mjs:121:42)
    at process.processTicksAndRejections (node:internal/process/task_queues:105:5)
2025-06-30T00:27:23: 💀 CRITICAL ERROR in Failed to load tracked channels: TypeError: redis.json(...).get is not a function
    at Timeout.loadTrackedChannels [as _onTimeout] (file:///Users/nabu/kol/discord-bots/analytics-bot-resilient.mjs:121:42)
    at process.processTicksAndRejections (node:internal/process/task_queues:105:5)
2025-06-30T00:27:24: ⚠️  Failed to send alert email: Can't send mail - all recipients were rejected: 550 5.7.1 <admin@nabulines.com>: Recipient address rejected: Mailbox is out of service
2025-06-30T00:27:26: ❌ Error loading tracked channels: TypeError: redis.json(...).get is not a function
    at loadTrackedChannels (file:///Users/nabu/kol/discord-bots/analytics-bot-resilient.mjs:121:42)
    at process.processTicksAndRejections (node:internal/process/task_queues:105:5)
    at async Client.<anonymous> (file:///Users/nabu/kol/discord-bots/analytics-bot-resilient.mjs:465:3)
2025-06-30T00:32:26: ❌ Error loading tracked channels: TypeError: redis.json(...).get is not a function
    at Timeout.loadTrackedChannels [as _onTimeout] (file:///Users/nabu/kol/discord-bots/analytics-bot-resilient.mjs:121:42)
    at process.processTicksAndRejections (node:internal/process/task_queues:105:5)
2025-06-30T00:37:26: ❌ Error loading tracked channels: TypeError: redis.json(...).get is not a function
    at Timeout.loadTrackedChannels [as _onTimeout] (file:///Users/nabu/kol/discord-bots/analytics-bot-resilient.mjs:121:42)
    at process.processTicksAndRejections (node:internal/process/task_queues:105:5)
2025-06-30T00:42:26: ❌ Error loading tracked channels: TypeError: redis.json(...).get is not a function
    at Timeout.loadTrackedChannels [as _onTimeout] (file:///Users/nabu/kol/discord-bots/analytics-bot-resilient.mjs:121:42)
    at process.processTicksAndRejections (node:internal/process/task_queues:105:5)
2025-06-30T00:47:26: ❌ Error loading tracked channels: TypeError: redis.json(...).get is not a function
    at Timeout.loadTrackedChannels [as _onTimeout] (file:///Users/nabu/kol/discord-bots/analytics-bot-resilient.mjs:121:42)
    at process.processTicksAndRejections (node:internal/process/task_queues:105:5)
2025-06-30T00:52:26: ❌ Error loading tracked channels: TypeError: redis.json(...).get is not a function
    at Timeout.loadTrackedChannels [as _onTimeout] (file:///Users/nabu/kol/discord-bots/analytics-bot-resilient.mjs:121:42)
    at process.processTicksAndRejections (node:internal/process/task_queues:105:5)
2025-06-30T00:52:26: 💀 CRITICAL ERROR in Failed to load tracked channels: TypeError: redis.json(...).get is not a function
    at Timeout.loadTrackedChannels [as _onTimeout] (file:///Users/nabu/kol/discord-bots/analytics-bot-resilient.mjs:121:42)
    at process.processTicksAndRejections (node:internal/process/task_queues:105:5)
2025-06-30T00:52:26: ⚠️  Failed to send alert email: Can't send mail - all recipients were rejected: 550 5.7.1 <admin@nabulines.com>: Recipient address rejected: Mailbox is out of service
2025-06-30T00:52:28: ❌ Error loading tracked channels: TypeError: redis.json(...).get is not a function
    at loadTrackedChannels (file:///Users/nabu/kol/discord-bots/analytics-bot-resilient.mjs:121:42)
    at process.processTicksAndRejections (node:internal/process/task_queues:105:5)
    at async Client.<anonymous> (file:///Users/nabu/kol/discord-bots/analytics-bot-resilient.mjs:465:3)
2025-06-30T00:57:28: ❌ Error loading tracked channels: TypeError: redis.json(...).get is not a function
    at Timeout.loadTrackedChannels [as _onTimeout] (file:///Users/nabu/kol/discord-bots/analytics-bot-resilient.mjs:121:42)
    at process.processTicksAndRejections (node:internal/process/task_queues:105:5)
2025-06-30T01:02:28: ❌ Error loading tracked channels: TypeError: redis.json(...).get is not a function
    at Timeout.loadTrackedChannels [as _onTimeout] (file:///Users/nabu/kol/discord-bots/analytics-bot-resilient.mjs:121:42)
    at process.processTicksAndRejections (node:internal/process/task_queues:105:5)
2025-06-30T01:07:28: ❌ Error loading tracked channels: TypeError: redis.json(...).get is not a function
    at Timeout.loadTrackedChannels [as _onTimeout] (file:///Users/nabu/kol/discord-bots/analytics-bot-resilient.mjs:121:42)
    at process.processTicksAndRejections (node:internal/process/task_queues:105:5)
2025-06-30T01:12:28: ❌ Error loading tracked channels: TypeError: redis.json(...).get is not a function
    at Timeout.loadTrackedChannels [as _onTimeout] (file:///Users/nabu/kol/discord-bots/analytics-bot-resilient.mjs:121:42)
    at process.processTicksAndRejections (node:internal/process/task_queues:105:5)
2025-06-30T01:17:28: ❌ Error loading tracked channels: TypeError: redis.json(...).get is not a function
    at Timeout.loadTrackedChannels [as _onTimeout] (file:///Users/nabu/kol/discord-bots/analytics-bot-resilient.mjs:121:42)
    at process.processTicksAndRejections (node:internal/process/task_queues:105:5)
2025-06-30T01:17:28: 💀 CRITICAL ERROR in Failed to load tracked channels: TypeError: redis.json(...).get is not a function
    at Timeout.loadTrackedChannels [as _onTimeout] (file:///Users/nabu/kol/discord-bots/analytics-bot-resilient.mjs:121:42)
    at process.processTicksAndRejections (node:internal/process/task_queues:105:5)
2025-06-30T01:17:29: ⚠️  Failed to send alert email: Can't send mail - all recipients were rejected: 550 5.7.1 <admin@nabulines.com>: Recipient address rejected: Mailbox is out of service
2025-06-30T01:17:30: ❌ Error loading tracked channels: TypeError: redis.json(...).get is not a function
    at loadTrackedChannels (file:///Users/nabu/kol/discord-bots/analytics-bot-resilient.mjs:121:42)
    at process.processTicksAndRejections (node:internal/process/task_queues:105:5)
    at async Client.<anonymous> (file:///Users/nabu/kol/discord-bots/analytics-bot-resilient.mjs:465:3)
2025-06-30T01:22:30: ❌ Error loading tracked channels: TypeError: redis.json(...).get is not a function
    at Timeout.loadTrackedChannels [as _onTimeout] (file:///Users/nabu/kol/discord-bots/analytics-bot-resilient.mjs:121:42)
    at process.processTicksAndRejections (node:internal/process/task_queues:105:5)
2025-06-30T01:27:30: ❌ Error loading tracked channels: TypeError: redis.json(...).get is not a function
    at Timeout.loadTrackedChannels [as _onTimeout] (file:///Users/nabu/kol/discord-bots/analytics-bot-resilient.mjs:121:42)
    at process.processTicksAndRejections (node:internal/process/task_queues:105:5)
2025-06-30T01:32:30: ❌ Error loading tracked channels: TypeError: redis.json(...).get is not a function
    at Timeout.loadTrackedChannels [as _onTimeout] (file:///Users/nabu/kol/discord-bots/analytics-bot-resilient.mjs:121:42)
    at process.processTicksAndRejections (node:internal/process/task_queues:105:5)
2025-06-30T01:37:30: ❌ Error loading tracked channels: TypeError: redis.json(...).get is not a function
    at Timeout.loadTrackedChannels [as _onTimeout] (file:///Users/nabu/kol/discord-bots/analytics-bot-resilient.mjs:121:42)
    at process.processTicksAndRejections (node:internal/process/task_queues:105:5)
2025-06-30T01:42:30: ❌ Error loading tracked channels: TypeError: redis.json(...).get is not a function
    at Timeout.loadTrackedChannels [as _onTimeout] (file:///Users/nabu/kol/discord-bots/analytics-bot-resilient.mjs:121:42)
    at process.processTicksAndRejections (node:internal/process/task_queues:105:5)
2025-06-30T01:42:30: 💀 CRITICAL ERROR in Failed to load tracked channels: TypeError: redis.json(...).get is not a function
    at Timeout.loadTrackedChannels [as _onTimeout] (file:///Users/nabu/kol/discord-bots/analytics-bot-resilient.mjs:121:42)
    at process.processTicksAndRejections (node:internal/process/task_queues:105:5)
2025-06-30T01:42:31: ⚠️  Failed to send alert email: Can't send mail - all recipients were rejected: 550 5.7.1 <admin@nabulines.com>: Recipient address rejected: Mailbox is out of service
2025-06-30T01:42:32: ❌ Error loading tracked channels: TypeError: redis.json(...).get is not a function
    at loadTrackedChannels (file:///Users/nabu/kol/discord-bots/analytics-bot-resilient.mjs:121:42)
    at process.processTicksAndRejections (node:internal/process/task_queues:105:5)
    at async Client.<anonymous> (file:///Users/nabu/kol/discord-bots/analytics-bot-resilient.mjs:465:3)
2025-06-30T01:47:33: ❌ Error loading tracked channels: TypeError: redis.json(...).get is not a function
    at Timeout.loadTrackedChannels [as _onTimeout] (file:///Users/nabu/kol/discord-bots/analytics-bot-resilient.mjs:121:42)
    at process.processTicksAndRejections (node:internal/process/task_queues:105:5)
2025-06-30T01:52:33: ❌ Error loading tracked channels: TypeError: redis.json(...).get is not a function
    at Timeout.loadTrackedChannels [as _onTimeout] (file:///Users/nabu/kol/discord-bots/analytics-bot-resilient.mjs:121:42)
    at process.processTicksAndRejections (node:internal/process/task_queues:105:5)
2025-06-30T01:57:33: ❌ Error loading tracked channels: TypeError: redis.json(...).get is not a function
    at Timeout.loadTrackedChannels [as _onTimeout] (file:///Users/nabu/kol/discord-bots/analytics-bot-resilient.mjs:121:42)
    at process.processTicksAndRejections (node:internal/process/task_queues:105:5)
