{"timestamp":"2025-07-07T18:00:00.766Z","level":"INFO","message":"🚀 Starting batch processing","batchId":"Gv6QD8ldIKgcIL3gHEFO-","startTime":"2025-07-07T18:00:00.766Z"}
{"timestamp":"2025-07-07T18:00:02.398Z","level":"INFO","message":"📊 Points configuration loaded","pointsConfig":{"micro":{"retweet":20,"reply":30,"like":10},"rising":{"retweet":30,"reply":45,"like":15},"star":{"retweet":40,"reply":60,"like":20},"legend":{"retweet":50,"reply":75,"like":25},"hero":{"retweet":60,"reply":90,"like":30}}}
{"timestamp":"2025-07-07T18:00:02.632Z","level":"INFO","message":"📊 Initial rate limit check","current":0,"remaining":120,"allowed":true,"resetTime":"2025-07-07T19:00:00.124Z"}
{"timestamp":"2025-07-07T18:00:02.927Z","level":"INFO","message":"📊 Found 7 tweets from last 24 hours","batchId":"Gv6QD8ldIKgcIL3gHEFO-","tweetCount":7,"maxAllowed":60}
{"timestamp":"2025-07-07T18:00:04.925Z","level":"INFO","message":"Processed tweet 1941901024278598136","engagements":39,"apiCallsUsed":2,"processingTime":"1242ms","remainingApiCalls":118}
{"timestamp":"2025-07-07T18:00:20.886Z","level":"INFO","message":"Processed tweet 1941954783155216424","engagements":62,"apiCallsUsed":2,"processingTime":"1283ms","remainingApiCalls":116}
{"timestamp":"2025-07-07T18:00:36.184Z","level":"INFO","message":"Processed tweet 1941589555531993484","engagements":57,"apiCallsUsed":2,"processingTime":"1285ms","remainingApiCalls":114}
{"timestamp":"2025-07-07T18:00:56.303Z","level":"INFO","message":"Processed tweet 1942114933287596380","engagements":38,"apiCallsUsed":2,"processingTime":"1143ms","remainingApiCalls":112}
{"timestamp":"2025-07-07T18:01:29.236Z","level":"INFO","message":"Points awarded for tweet 1942114933287596380","summary":{"likes":200,"retweets":40,"replies":600,"total":840},"userCount":20}
{"timestamp":"2025-07-07T18:01:30.619Z","level":"INFO","message":"Processed tweet 1942136401434189881","engagements":0,"apiCallsUsed":2,"processingTime":"957ms","remainingApiCalls":110}
{"timestamp":"2025-07-07T18:01:32.472Z","level":"SUCCESS","message":"✅ Batch processing completed","batchId":"Gv6QD8ldIKgcIL3gHEFO-","duration":"2 minutes","summary":{"tweetsProcessed":7,"engagementsFound":196,"pointsAwarded":840,"apiCallsUsed":10,"retweets":15,"replies":181,"uniqueUsers":107,"errors":2}}
{"timestamp":"2025-07-07T18:01:32.713Z","level":"INFO","message":"📊 Rate limit status","used":10,"remaining":110,"limit":120,"percentUsed":8}
{"timestamp":"2025-07-07T18:01:33.237Z","level":"SUCCESS","message":"✅ Batch completed successfully","batchId":"Gv6QD8ldIKgcIL3gHEFO-","startTime":"2025-07-07T18:00:00.766Z","endTime":"2025-07-07T18:01:33.237Z","duration":"92.471s","summary":{"tweetsProcessed":7,"engagementsFound":196,"pointsAwarded":840,"apiCallsUsed":10,"retweets":15,"replies":181,"uniqueUsers":107,"errors":2}}
{"timestamp":"2025-07-07T18:05:49.132Z","level":"INFO","message":"🚀 Starting batch processing","batchId":"s8vjCNQR3tQau3RCrLUcC","startTime":"2025-07-07T18:05:49.132Z"}
{"timestamp":"2025-07-07T18:05:50.853Z","level":"INFO","message":"📊 Points configuration loaded","pointsConfig":{"micro":{"retweet":20,"reply":30,"like":10},"rising":{"retweet":30,"reply":45,"like":15},"star":{"retweet":40,"reply":60,"like":20},"legend":{"retweet":50,"reply":75,"like":25},"hero":{"retweet":60,"reply":90,"like":30}}}
{"timestamp":"2025-07-07T18:05:51.045Z","level":"INFO","message":"📊 Initial rate limit check","current":10,"remaining":110,"allowed":true,"resetTime":"2025-07-07T19:00:00.124Z"}
{"timestamp":"2025-07-07T18:05:51.375Z","level":"INFO","message":"📊 Found 7 tweets from last 24 hours","batchId":"s8vjCNQR3tQau3RCrLUcC","tweetCount":7,"maxAllowed":60}
{"timestamp":"2025-07-07T18:05:57.246Z","level":"SUCCESS","message":"✅ Batch processing completed","batchId":"s8vjCNQR3tQau3RCrLUcC","duration":"0 minutes","summary":{"tweetsProcessed":7,"engagementsFound":0,"pointsAwarded":0,"apiCallsUsed":0,"retweets":0,"replies":0,"uniqueUsers":0,"errors":7}}
{"timestamp":"2025-07-07T19:00:01.017Z","level":"INFO","message":"🚀 Starting batch processing","batchId":"MsK3RFATZOQf9tgwRm21i","startTime":"2025-07-07T19:00:01.017Z"}
{"timestamp":"2025-07-07T19:00:02.441Z","level":"INFO","message":"📊 Points configuration loaded","pointsConfig":{"micro":{"retweet":20,"reply":30,"like":10},"rising":{"retweet":30,"reply":45,"like":15},"star":{"retweet":40,"reply":60,"like":20},"legend":{"retweet":50,"reply":75,"like":25},"hero":{"retweet":60,"reply":90,"like":30}}}
{"timestamp":"2025-07-07T19:00:02.635Z","level":"INFO","message":"📊 Initial rate limit check","current":0,"remaining":120,"allowed":true,"resetTime":"2025-07-07T20:00:00.155Z"}
{"timestamp":"2025-07-07T19:00:03.291Z","level":"INFO","message":"📊 Found 8 tweets from last 24 hours","batchId":"MsK3RFATZOQf9tgwRm21i","tweetCount":8,"maxAllowed":60}
{"timestamp":"2025-07-07T19:00:05.879Z","level":"INFO","message":"Processed tweet 1941954783155216424","engagements":63,"apiCallsUsed":2,"processingTime":"1512ms","remainingApiCalls":118}
{"timestamp":"2025-07-07T19:00:22.823Z","level":"INFO","message":"Points awarded for tweet 1941954783155216424","summary":{"likes":10,"retweets":20,"replies":30,"total":60},"userCount":1}
{"timestamp":"2025-07-07T19:00:24.831Z","level":"INFO","message":"Processed tweet 1941589555531993484","engagements":61,"apiCallsUsed":2,"processingTime":"1476ms","remainingApiCalls":116}
{"timestamp":"2025-07-07T19:00:51.851Z","level":"INFO","message":"Points awarded for tweet 1941589555531993484","summary":{"likes":30,"retweets":40,"replies":60,"total":130},"userCount":3}
{"timestamp":"2025-07-07T19:00:53.790Z","level":"INFO","message":"Processed tweet 1942114933287596380","engagements":40,"apiCallsUsed":2,"processingTime":"1345ms","remainingApiCalls":114}
{"timestamp":"2025-07-07T19:01:09.547Z","level":"INFO","message":"Points awarded for tweet 1942114933287596380","summary":{"likes":10,"retweets":0,"replies":30,"total":40},"userCount":1}
{"timestamp":"2025-07-07T19:01:11.282Z","level":"INFO","message":"Processed tweet 1942136401434189881","engagements":0,"apiCallsUsed":2,"processingTime":"1204ms","remainingApiCalls":112}
{"timestamp":"2025-07-07T19:01:13.691Z","level":"INFO","message":"Processed tweet 1942143234848776683","engagements":58,"apiCallsUsed":2,"processingTime":"1789ms","remainingApiCalls":110}
{"timestamp":"2025-07-07T19:02:17.538Z","level":"INFO","message":"Points awarded for tweet 1942143234848776683","summary":{"likes":220,"retweets":0,"replies":660,"total":880},"userCount":22}
{"timestamp":"2025-07-07T19:02:21.021Z","level":"SUCCESS","message":"✅ Batch processing completed","batchId":"MsK3RFATZOQf9tgwRm21i","duration":"2 minutes","summary":{"tweetsProcessed":8,"engagementsFound":222,"pointsAwarded":1110,"apiCallsUsed":10,"retweets":16,"replies":206,"uniqueUsers":133,"errors":3}}
{"timestamp":"2025-07-07T19:02:21.208Z","level":"INFO","message":"📊 Rate limit status","used":10,"remaining":110,"limit":120,"percentUsed":8}
{"timestamp":"2025-07-07T19:02:21.952Z","level":"SUCCESS","message":"✅ Batch completed successfully","batchId":"MsK3RFATZOQf9tgwRm21i","startTime":"2025-07-07T19:00:01.017Z","endTime":"2025-07-07T19:02:21.952Z","duration":"140.935s","summary":{"tweetsProcessed":8,"engagementsFound":222,"pointsAwarded":1110,"apiCallsUsed":10,"retweets":16,"replies":206,"uniqueUsers":133,"errors":3}}
{"timestamp":"2025-07-07T20:00:00.445Z","level":"INFO","message":"🚀 Starting batch processing","batchId":"cQAOaYnMS7WT6R-VlXehm","startTime":"2025-07-07T20:00:00.445Z"}
{"timestamp":"2025-07-07T20:00:01.846Z","level":"INFO","message":"📊 Points configuration loaded","pointsConfig":{"micro":{"retweet":20,"reply":30,"like":10},"rising":{"retweet":30,"reply":45,"like":15},"star":{"retweet":40,"reply":60,"like":20},"legend":{"retweet":50,"reply":75,"like":25},"hero":{"retweet":60,"reply":90,"like":30}}}
{"timestamp":"2025-07-07T20:00:02.127Z","level":"INFO","message":"📊 Initial rate limit check","current":0,"remaining":120,"allowed":true,"resetTime":"2025-07-07T21:00:01.847Z"}
{"timestamp":"2025-07-07T20:00:02.407Z","level":"INFO","message":"📊 Found 13 tweets from last 24 hours","batchId":"cQAOaYnMS7WT6R-VlXehm","tweetCount":13,"maxAllowed":60}
{"timestamp":"2025-07-07T20:00:04.334Z","level":"INFO","message":"Processed tweet 1941954783155216424","engagements":63,"apiCallsUsed":2,"processingTime":"1272ms","remainingApiCalls":118}
{"timestamp":"2025-07-07T20:00:18.803Z","level":"INFO","message":"Processed tweet 1941589555531993484","engagements":61,"apiCallsUsed":2,"processingTime":"1116ms","remainingApiCalls":116}
{"timestamp":"2025-07-07T20:00:38.542Z","level":"INFO","message":"Processed tweet 1942114933287596380","engagements":40,"apiCallsUsed":2,"processingTime":"1054ms","remainingApiCalls":114}
{"timestamp":"2025-07-07T20:00:52.098Z","level":"INFO","message":"Processed tweet 1942136401434189881","engagements":0,"apiCallsUsed":2,"processingTime":"789ms","remainingApiCalls":112}
{"timestamp":"2025-07-07T20:00:53.544Z","level":"INFO","message":"Processed tweet 1942143234848776683","engagements":59,"apiCallsUsed":2,"processingTime":"1069ms","remainingApiCalls":110}
{"timestamp":"2025-07-07T20:01:12.816Z","level":"SUCCESS","message":"✅ Batch processing completed","batchId":"cQAOaYnMS7WT6R-VlXehm","duration":"1 minutes","summary":{"tweetsProcessed":13,"engagementsFound":223,"pointsAwarded":0,"apiCallsUsed":10,"retweets":16,"replies":207,"uniqueUsers":134,"errors":8}}
{"timestamp":"2025-07-07T20:01:13.004Z","level":"INFO","message":"📊 Rate limit status","used":10,"remaining":110,"limit":120,"percentUsed":8}
{"timestamp":"2025-07-07T20:01:13.431Z","level":"SUCCESS","message":"✅ Batch completed successfully","batchId":"cQAOaYnMS7WT6R-VlXehm","startTime":"2025-07-07T20:00:00.445Z","endTime":"2025-07-07T20:01:13.431Z","duration":"72.986s","summary":{"tweetsProcessed":13,"engagementsFound":223,"pointsAwarded":0,"apiCallsUsed":10,"retweets":16,"replies":207,"uniqueUsers":134,"errors":8}}
{"timestamp":"2025-07-07T21:00:00.404Z","level":"INFO","message":"🚀 Starting batch processing","batchId":"Srm-E1Sp2hyDnyHT5D8cv","startTime":"2025-07-07T21:00:00.404Z"}
{"timestamp":"2025-07-07T21:00:01.817Z","level":"INFO","message":"📊 Points configuration loaded","pointsConfig":{"micro":{"retweet":20,"reply":30,"like":10},"rising":{"retweet":30,"reply":45,"like":15},"star":{"retweet":40,"reply":60,"like":20},"legend":{"retweet":50,"reply":75,"like":25},"hero":{"retweet":60,"reply":90,"like":30}}}
{"timestamp":"2025-07-07T21:00:02.008Z","level":"INFO","message":"📊 Initial rate limit check","current":10,"remaining":110,"allowed":true,"resetTime":"2025-07-07T21:00:01.847Z"}
{"timestamp":"2025-07-07T21:00:02.589Z","level":"INFO","message":"📊 Found 15 tweets from last 24 hours","batchId":"Srm-E1Sp2hyDnyHT5D8cv","tweetCount":15,"maxAllowed":60}
{"timestamp":"2025-07-07T21:00:05.691Z","level":"INFO","message":"Processed tweet 1941954783155216424","engagements":63,"apiCallsUsed":2,"processingTime":"2040ms","remainingApiCalls":118}
{"timestamp":"2025-07-07T21:00:20.373Z","level":"INFO","message":"Processed tweet 1941589555531993484","engagements":61,"apiCallsUsed":2,"processingTime":"1529ms","remainingApiCalls":116}
{"timestamp":"2025-07-07T21:00:41.091Z","level":"INFO","message":"Processed tweet 1942114933287596380","engagements":40,"apiCallsUsed":2,"processingTime":"1395ms","remainingApiCalls":114}
{"timestamp":"2025-07-07T21:00:55.106Z","level":"INFO","message":"Processed tweet 1942136401434189881","engagements":0,"apiCallsUsed":2,"processingTime":"1073ms","remainingApiCalls":112}
{"timestamp":"2025-07-07T21:00:57.173Z","level":"INFO","message":"Processed tweet 1942143234848776683","engagements":61,"apiCallsUsed":2,"processingTime":"1502ms","remainingApiCalls":110}
{"timestamp":"2025-07-07T21:01:19.867Z","level":"SUCCESS","message":"✅ Batch processing completed","batchId":"Srm-E1Sp2hyDnyHT5D8cv","duration":"1 minutes","summary":{"tweetsProcessed":15,"engagementsFound":225,"pointsAwarded":0,"apiCallsUsed":10,"retweets":16,"replies":209,"uniqueUsers":136,"errors":10}}
{"timestamp":"2025-07-07T21:01:20.057Z","level":"INFO","message":"📊 Rate limit status","used":10,"remaining":110,"limit":120,"percentUsed":8}
{"timestamp":"2025-07-07T21:01:20.780Z","level":"SUCCESS","message":"✅ Batch completed successfully","batchId":"Srm-E1Sp2hyDnyHT5D8cv","startTime":"2025-07-07T21:00:00.404Z","endTime":"2025-07-07T21:01:20.780Z","duration":"80.376s","summary":{"tweetsProcessed":15,"engagementsFound":225,"pointsAwarded":0,"apiCallsUsed":10,"retweets":16,"replies":209,"uniqueUsers":136,"errors":10}}
{"timestamp":"2025-07-07T22:00:00.417Z","level":"INFO","message":"🚀 Starting batch processing","batchId":"DeeHi0c2xLCpDgAItdZhY","startTime":"2025-07-07T22:00:00.417Z"}
{"timestamp":"2025-07-07T22:00:01.829Z","level":"INFO","message":"📊 Points configuration loaded","pointsConfig":{"micro":{"retweet":20,"reply":30,"like":10},"rising":{"retweet":30,"reply":45,"like":15},"star":{"retweet":40,"reply":60,"like":20},"legend":{"retweet":50,"reply":75,"like":25},"hero":{"retweet":60,"reply":90,"like":30}}}
{"timestamp":"2025-07-07T22:00:02.019Z","level":"INFO","message":"📊 Initial rate limit check","current":10,"remaining":110,"allowed":true,"resetTime":"2025-07-07T22:00:03.651Z"}
{"timestamp":"2025-07-07T22:00:02.304Z","level":"INFO","message":"📊 Found 14 tweets from last 24 hours","batchId":"DeeHi0c2xLCpDgAItdZhY","tweetCount":14,"maxAllowed":60}
{"timestamp":"2025-07-07T22:00:04.332Z","level":"INFO","message":"Processed tweet 1941589555531993484","engagements":61,"apiCallsUsed":2,"processingTime":"1367ms","remainingApiCalls":120}
{"timestamp":"2025-07-07T22:00:24.177Z","level":"INFO","message":"Processed tweet 1942114933287596380","engagements":40,"apiCallsUsed":2,"processingTime":"1022ms","remainingApiCalls":118}
{"timestamp":"2025-07-07T22:00:38.223Z","level":"INFO","message":"Processed tweet 1942136401434189881","engagements":0,"apiCallsUsed":2,"processingTime":"811ms","remainingApiCalls":116}
{"timestamp":"2025-07-07T22:00:39.697Z","level":"INFO","message":"Processed tweet 1942143234848776683","engagements":61,"apiCallsUsed":2,"processingTime":"1096ms","remainingApiCalls":114}
{"timestamp":"2025-07-07T22:00:55.176Z","level":"INFO","message":"Processed tweet 1942142064717689255","engagements":36,"apiCallsUsed":2,"processingTime":"1067ms","remainingApiCalls":112}
{"timestamp":"2025-07-07T22:01:22.438Z","level":"INFO","message":"Points awarded for tweet 1942142064717689255","summary":{"likes":243,"retweets":125,"replies":540,"total":908},"userCount":19}
{"timestamp":"2025-07-07T22:01:28.578Z","level":"SUCCESS","message":"✅ Batch processing completed","batchId":"DeeHi0c2xLCpDgAItdZhY","duration":"1 minutes","summary":{"tweetsProcessed":14,"engagementsFound":198,"pointsAwarded":908,"apiCallsUsed":10,"retweets":13,"replies":185,"uniqueUsers":109,"errors":9}}
{"timestamp":"2025-07-07T22:01:28.768Z","level":"INFO","message":"📊 Rate limit status","used":8,"remaining":112,"limit":120,"percentUsed":7}
{"timestamp":"2025-07-07T22:01:29.207Z","level":"SUCCESS","message":"✅ Batch completed successfully","batchId":"DeeHi0c2xLCpDgAItdZhY","startTime":"2025-07-07T22:00:00.417Z","endTime":"2025-07-07T22:01:29.207Z","duration":"88.79s","summary":{"tweetsProcessed":14,"engagementsFound":198,"pointsAwarded":908,"apiCallsUsed":10,"retweets":13,"replies":185,"uniqueUsers":109,"errors":9}}
{"timestamp":"2025-07-07T23:00:00.404Z","level":"INFO","message":"🚀 Starting batch processing","batchId":"tcdGAY_Xkt69UHB5D4cj6","startTime":"2025-07-07T23:00:00.404Z"}
{"timestamp":"2025-07-07T23:00:01.888Z","level":"INFO","message":"📊 Points configuration loaded","pointsConfig":{"micro":{"retweet":20,"reply":30,"like":10},"rising":{"retweet":30,"reply":45,"like":15},"star":{"retweet":40,"reply":60,"like":20},"legend":{"retweet":50,"reply":75,"like":25},"hero":{"retweet":60,"reply":90,"like":30}}}
{"timestamp":"2025-07-07T23:00:02.076Z","level":"INFO","message":"📊 Initial rate limit check","current":8,"remaining":112,"allowed":true,"resetTime":"2025-07-07T23:00:04.050Z"}
{"timestamp":"2025-07-07T23:00:02.644Z","level":"INFO","message":"📊 Found 13 tweets from last 24 hours","batchId":"tcdGAY_Xkt69UHB5D4cj6","tweetCount":13,"maxAllowed":60}
{"timestamp":"2025-07-07T23:00:05.695Z","level":"INFO","message":"Processed tweet 1942114933287596380","engagements":40,"apiCallsUsed":2,"processingTime":"1817ms","remainingApiCalls":120}
{"timestamp":"2025-07-07T23:00:20.234Z","level":"INFO","message":"Processed tweet 1942136401434189881","engagements":0,"apiCallsUsed":2,"processingTime":"1155ms","remainingApiCalls":118}
{"timestamp":"2025-07-07T23:00:22.219Z","level":"INFO","message":"Processed tweet 1942143234848776683","engagements":61,"apiCallsUsed":2,"processingTime":"1476ms","remainingApiCalls":116}
{"timestamp":"2025-07-07T23:00:38.261Z","level":"INFO","message":"Processed tweet 1942142064717689255","engagements":36,"apiCallsUsed":2,"processingTime":"1460ms","remainingApiCalls":114}
{"timestamp":"2025-07-07T23:00:51.601Z","level":"INFO","message":"Processed tweet 1942292590801371399","engagements":23,"apiCallsUsed":2,"processingTime":"1347ms","remainingApiCalls":112}
{"timestamp":"2025-07-07T23:00:54.220Z","level":"DEBUG","message":"Skipping self-engagement: @yaldamasoudi on their own tweet 1942292590801371399"}
{"timestamp":"2025-07-07T23:01:24.437Z","level":"DEBUG","message":"Skipping self-engagement: @yaldamasoudi on their own tweet 1942292590801371399"}
{"timestamp":"2025-07-07T23:01:24.439Z","level":"INFO","message":"Points awarded for tweet 1942292590801371399","summary":{"likes":110,"retweets":20,"replies":330,"total":460},"userCount":11}
{"timestamp":"2025-07-07T23:01:31.692Z","level":"SUCCESS","message":"✅ Batch processing completed","batchId":"tcdGAY_Xkt69UHB5D4cj6","duration":"2 minutes","summary":{"tweetsProcessed":13,"engagementsFound":160,"pointsAwarded":460,"apiCallsUsed":10,"retweets":10,"replies":150,"uniqueUsers":90,"errors":8}}
{"timestamp":"2025-07-07T23:01:31.874Z","level":"INFO","message":"📊 Rate limit status","used":8,"remaining":112,"limit":120,"percentUsed":7}
{"timestamp":"2025-07-07T23:01:32.752Z","level":"SUCCESS","message":"✅ Batch completed successfully","batchId":"tcdGAY_Xkt69UHB5D4cj6","startTime":"2025-07-07T23:00:00.404Z","endTime":"2025-07-07T23:01:32.752Z","duration":"92.348s","summary":{"tweetsProcessed":13,"engagementsFound":160,"pointsAwarded":460,"apiCallsUsed":10,"retweets":10,"replies":150,"uniqueUsers":90,"errors":8}}
{"timestamp":"2025-07-08T00:00:00.636Z","level":"INFO","message":"🚀 Starting batch processing","batchId":"k27aDxtAuGKZ3WiSSvscj","startTime":"2025-07-08T00:00:00.636Z"}
{"timestamp":"2025-07-08T00:00:02.218Z","level":"INFO","message":"📊 Points configuration loaded","pointsConfig":{"micro":{"retweet":20,"reply":30,"like":10},"rising":{"retweet":30,"reply":45,"like":15},"star":{"retweet":40,"reply":60,"like":20},"legend":{"retweet":50,"reply":75,"like":25},"hero":{"retweet":60,"reply":90,"like":30}}}
{"timestamp":"2025-07-08T00:00:02.413Z","level":"INFO","message":"📊 Initial rate limit check","current":8,"remaining":112,"allowed":true,"resetTime":"2025-07-08T00:00:05.127Z"}
{"timestamp":"2025-07-08T00:00:02.741Z","level":"INFO","message":"📊 Found 13 tweets from last 24 hours","batchId":"k27aDxtAuGKZ3WiSSvscj","tweetCount":13,"maxAllowed":60}
{"timestamp":"2025-07-08T00:00:04.842Z","level":"INFO","message":"Processed tweet 1942114933287596380","engagements":40,"apiCallsUsed":2,"processingTime":"1380ms","remainingApiCalls":110}
{"timestamp":"2025-07-08T00:00:20.139Z","level":"INFO","message":"Processed tweet 1942136401434189881","engagements":0,"apiCallsUsed":2,"processingTime":"956ms","remainingApiCalls":118}
{"timestamp":"2025-07-08T00:00:21.737Z","level":"INFO","message":"Processed tweet 1942143234848776683","engagements":61,"apiCallsUsed":2,"processingTime":"1167ms","remainingApiCalls":116}
{"timestamp":"2025-07-08T00:00:38.414Z","level":"INFO","message":"Processed tweet 1942142064717689255","engagements":36,"apiCallsUsed":2,"processingTime":"1118ms","remainingApiCalls":114}
{"timestamp":"2025-07-08T00:00:50.637Z","level":"INFO","message":"Processed tweet 1942292590801371399","engagements":23,"apiCallsUsed":2,"processingTime":"924ms","remainingApiCalls":112}
{"timestamp":"2025-07-08T00:00:51.105Z","level":"DEBUG","message":"Skipping self-engagement: @yaldamasoudi on their own tweet 1942292590801371399"}
{"timestamp":"2025-07-08T00:00:57.689Z","level":"DEBUG","message":"Skipping self-engagement: @yaldamasoudi on their own tweet 1942292590801371399"}
{"timestamp":"2025-07-08T00:01:03.148Z","level":"SUCCESS","message":"✅ Batch processing completed","batchId":"k27aDxtAuGKZ3WiSSvscj","duration":"1 minutes","summary":{"tweetsProcessed":13,"engagementsFound":160,"pointsAwarded":0,"apiCallsUsed":10,"retweets":10,"replies":150,"uniqueUsers":90,"errors":8}}
{"timestamp":"2025-07-08T00:01:03.338Z","level":"INFO","message":"📊 Rate limit status","used":8,"remaining":112,"limit":120,"percentUsed":7}
{"timestamp":"2025-07-08T00:01:03.779Z","level":"SUCCESS","message":"✅ Batch completed successfully","batchId":"k27aDxtAuGKZ3WiSSvscj","startTime":"2025-07-08T00:00:00.636Z","endTime":"2025-07-08T00:01:03.779Z","duration":"63.143s","summary":{"tweetsProcessed":13,"engagementsFound":160,"pointsAwarded":0,"apiCallsUsed":10,"retweets":10,"replies":150,"uniqueUsers":90,"errors":8}}
{"timestamp":"2025-07-08T01:00:00.406Z","level":"INFO","message":"🚀 Starting batch processing","batchId":"Z3QA5x6NwRP0AdDnJm8Qz","startTime":"2025-07-08T01:00:00.406Z"}
{"timestamp":"2025-07-08T01:00:01.796Z","level":"INFO","message":"📊 Points configuration loaded","pointsConfig":{"micro":{"retweet":20,"reply":30,"like":10},"rising":{"retweet":30,"reply":45,"like":15},"star":{"retweet":40,"reply":60,"like":20},"legend":{"retweet":50,"reply":75,"like":25},"hero":{"retweet":60,"reply":90,"like":30}}}
{"timestamp":"2025-07-08T01:00:01.984Z","level":"INFO","message":"📊 Initial rate limit check","current":8,"remaining":112,"allowed":true,"resetTime":"2025-07-08T01:00:19.183Z"}
{"timestamp":"2025-07-08T01:00:02.559Z","level":"INFO","message":"📊 Found 13 tweets from last 24 hours","batchId":"Z3QA5x6NwRP0AdDnJm8Qz","tweetCount":13,"maxAllowed":60}
{"timestamp":"2025-07-08T01:00:05.032Z","level":"INFO","message":"Processed tweet 1942114933287596380","engagements":40,"apiCallsUsed":2,"processingTime":"1419ms","remainingApiCalls":110}
{"timestamp":"2025-07-08T01:00:18.919Z","level":"INFO","message":"Processed tweet 1942136401434189881","engagements":0,"apiCallsUsed":2,"processingTime":"1197ms","remainingApiCalls":108}
{"timestamp":"2025-07-08T01:00:21.414Z","level":"INFO","message":"Processed tweet 1942143234848776683","engagements":61,"apiCallsUsed":2,"processingTime":"1977ms","remainingApiCalls":118}
{"timestamp":"2025-07-08T01:00:37.078Z","level":"INFO","message":"Processed tweet 1942142064717689255","engagements":36,"apiCallsUsed":2,"processingTime":"1388ms","remainingApiCalls":116}
{"timestamp":"2025-07-08T01:00:50.394Z","level":"INFO","message":"Processed tweet 1942292590801371399","engagements":23,"apiCallsUsed":2,"processingTime":"1419ms","remainingApiCalls":114}
{"timestamp":"2025-07-08T01:00:50.861Z","level":"DEBUG","message":"Skipping self-engagement: @yaldamasoudi on their own tweet 1942292590801371399"}
{"timestamp":"2025-07-08T01:00:57.150Z","level":"DEBUG","message":"Skipping self-engagement: @yaldamasoudi on their own tweet 1942292590801371399"}
{"timestamp":"2025-07-08T01:01:04.337Z","level":"SUCCESS","message":"✅ Batch processing completed","batchId":"Z3QA5x6NwRP0AdDnJm8Qz","duration":"1 minutes","summary":{"tweetsProcessed":13,"engagementsFound":160,"pointsAwarded":0,"apiCallsUsed":10,"retweets":10,"replies":150,"uniqueUsers":90,"errors":8}}
{"timestamp":"2025-07-08T01:01:04.526Z","level":"INFO","message":"📊 Rate limit status","used":6,"remaining":114,"limit":120,"percentUsed":5}
{"timestamp":"2025-07-08T01:01:05.293Z","level":"SUCCESS","message":"✅ Batch completed successfully","batchId":"Z3QA5x6NwRP0AdDnJm8Qz","startTime":"2025-07-08T01:00:00.406Z","endTime":"2025-07-08T01:01:05.293Z","duration":"64.887s","summary":{"tweetsProcessed":13,"engagementsFound":160,"pointsAwarded":0,"apiCallsUsed":10,"retweets":10,"replies":150,"uniqueUsers":90,"errors":8}}
{"timestamp":"2025-07-08T02:00:00.474Z","level":"INFO","message":"🚀 Starting batch processing","batchId":"v_bPUEjTKBHbnEWdDznw-","startTime":"2025-07-08T02:00:00.474Z"}
{"timestamp":"2025-07-08T02:00:01.896Z","level":"INFO","message":"📊 Points configuration loaded","pointsConfig":{"micro":{"retweet":20,"reply":30,"like":10},"rising":{"retweet":30,"reply":45,"like":15},"star":{"retweet":40,"reply":60,"like":20},"legend":{"retweet":50,"reply":75,"like":25},"hero":{"retweet":60,"reply":90,"like":30}}}
{"timestamp":"2025-07-08T02:00:02.092Z","level":"INFO","message":"📊 Initial rate limit check","current":6,"remaining":114,"allowed":true,"resetTime":"2025-07-08T02:00:19.437Z"}
{"timestamp":"2025-07-08T02:00:02.677Z","level":"INFO","message":"📊 Found 13 tweets from last 24 hours","batchId":"v_bPUEjTKBHbnEWdDznw-","tweetCount":13,"maxAllowed":60}
{"timestamp":"2025-07-08T02:00:05.063Z","level":"INFO","message":"Processed tweet 1942114933287596380","engagements":41,"apiCallsUsed":2,"processingTime":"1410ms","remainingApiCalls":112}
{"timestamp":"2025-07-08T02:00:19.402Z","level":"INFO","message":"Processed tweet 1942136401434189881","engagements":0,"apiCallsUsed":2,"processingTime":"1118ms","remainingApiCalls":110}
{"timestamp":"2025-07-08T02:00:21.788Z","level":"INFO","message":"Processed tweet 1942143234848776683","engagements":61,"apiCallsUsed":2,"processingTime":"1862ms","remainingApiCalls":118}
{"timestamp":"2025-07-08T02:00:37.833Z","level":"INFO","message":"Processed tweet 1942142064717689255","engagements":36,"apiCallsUsed":2,"processingTime":"1432ms","remainingApiCalls":116}
{"timestamp":"2025-07-08T02:00:50.499Z","level":"INFO","message":"Processed tweet 1942292590801371399","engagements":23,"apiCallsUsed":2,"processingTime":"1192ms","remainingApiCalls":114}
{"timestamp":"2025-07-08T02:00:50.970Z","level":"DEBUG","message":"Skipping self-engagement: @yaldamasoudi on their own tweet 1942292590801371399"}
{"timestamp":"2025-07-08T02:00:58.120Z","level":"DEBUG","message":"Skipping self-engagement: @yaldamasoudi on their own tweet 1942292590801371399"}
{"timestamp":"2025-07-08T02:01:05.344Z","level":"SUCCESS","message":"✅ Batch processing completed","batchId":"v_bPUEjTKBHbnEWdDznw-","duration":"1 minutes","summary":{"tweetsProcessed":13,"engagementsFound":161,"pointsAwarded":0,"apiCallsUsed":10,"retweets":10,"replies":151,"uniqueUsers":91,"errors":8}}
{"timestamp":"2025-07-08T02:01:05.535Z","level":"INFO","message":"📊 Rate limit status","used":6,"remaining":114,"limit":120,"percentUsed":5}
{"timestamp":"2025-07-08T02:01:06.629Z","level":"SUCCESS","message":"✅ Batch completed successfully","batchId":"v_bPUEjTKBHbnEWdDznw-","startTime":"2025-07-08T02:00:00.474Z","endTime":"2025-07-08T02:01:06.629Z","duration":"66.155s","summary":{"tweetsProcessed":13,"engagementsFound":161,"pointsAwarded":0,"apiCallsUsed":10,"retweets":10,"replies":151,"uniqueUsers":91,"errors":8}}
{"timestamp":"2025-07-08T03:00:00.475Z","level":"INFO","message":"🚀 Starting batch processing","batchId":"XzY9qtEh-u2s4ir-qc88Y","startTime":"2025-07-08T03:00:00.475Z"}
{"timestamp":"2025-07-08T03:00:02.086Z","level":"INFO","message":"📊 Points configuration loaded","pointsConfig":{"micro":{"retweet":20,"reply":30,"like":10},"rising":{"retweet":30,"reply":45,"like":15},"star":{"retweet":40,"reply":60,"like":20},"legend":{"retweet":50,"reply":75,"like":25},"hero":{"retweet":60,"reply":90,"like":30}}}
{"timestamp":"2025-07-08T03:00:02.339Z","level":"INFO","message":"📊 Initial rate limit check","current":6,"remaining":114,"allowed":true,"resetTime":"2025-07-08T03:00:19.926Z"}
{"timestamp":"2025-07-08T03:00:02.981Z","level":"INFO","message":"📊 Found 13 tweets from last 24 hours","batchId":"XzY9qtEh-u2s4ir-qc88Y","tweetCount":13,"maxAllowed":60}
{"timestamp":"2025-07-08T03:00:05.153Z","level":"INFO","message":"Processed tweet 1942114933287596380","engagements":41,"apiCallsUsed":2,"processingTime":"1155ms","remainingApiCalls":112}
{"timestamp":"2025-07-08T03:00:20.840Z","level":"INFO","message":"Processed tweet 1942136401434189881","engagements":0,"apiCallsUsed":2,"processingTime":"1236ms","remainingApiCalls":120}
{"timestamp":"2025-07-08T03:00:22.364Z","level":"INFO","message":"Processed tweet 1942143234848776683","engagements":62,"apiCallsUsed":2,"processingTime":"1147ms","remainingApiCalls":118}
{"timestamp":"2025-07-08T03:00:38.280Z","level":"INFO","message":"Processed tweet 1942142064717689255","engagements":36,"apiCallsUsed":2,"processingTime":"1188ms","remainingApiCalls":116}
{"timestamp":"2025-07-08T03:00:51.657Z","level":"INFO","message":"Processed tweet 1942292590801371399","engagements":23,"apiCallsUsed":2,"processingTime":"927ms","remainingApiCalls":114}
{"timestamp":"2025-07-08T03:00:52.127Z","level":"DEBUG","message":"Skipping self-engagement: @yaldamasoudi on their own tweet 1942292590801371399"}
{"timestamp":"2025-07-08T03:00:58.515Z","level":"DEBUG","message":"Skipping self-engagement: @yaldamasoudi on their own tweet 1942292590801371399"}
{"timestamp":"2025-07-08T03:01:04.046Z","level":"SUCCESS","message":"✅ Batch processing completed","batchId":"XzY9qtEh-u2s4ir-qc88Y","duration":"1 minutes","summary":{"tweetsProcessed":13,"engagementsFound":162,"pointsAwarded":0,"apiCallsUsed":10,"retweets":10,"replies":152,"uniqueUsers":92,"errors":8}}
{"timestamp":"2025-07-08T03:01:04.239Z","level":"INFO","message":"📊 Rate limit status","used":6,"remaining":114,"limit":120,"percentUsed":5}
{"timestamp":"2025-07-08T03:01:04.811Z","level":"SUCCESS","message":"✅ Batch completed successfully","batchId":"XzY9qtEh-u2s4ir-qc88Y","startTime":"2025-07-08T03:00:00.475Z","endTime":"2025-07-08T03:01:04.811Z","duration":"64.336s","summary":{"tweetsProcessed":13,"engagementsFound":162,"pointsAwarded":0,"apiCallsUsed":10,"retweets":10,"replies":152,"uniqueUsers":92,"errors":8}}
{"timestamp":"2025-07-08T04:00:00.596Z","level":"INFO","message":"🚀 Starting batch processing","batchId":"ShCVbtq-BZdUGXu4YqvQN","startTime":"2025-07-08T04:00:00.596Z"}
{"timestamp":"2025-07-08T04:00:01.998Z","level":"INFO","message":"📊 Points configuration loaded","pointsConfig":{"micro":{"retweet":20,"reply":30,"like":10},"rising":{"retweet":30,"reply":45,"like":15},"star":{"retweet":40,"reply":60,"like":20},"legend":{"retweet":50,"reply":75,"like":25},"hero":{"retweet":60,"reply":90,"like":30}}}
{"timestamp":"2025-07-08T04:00:02.186Z","level":"INFO","message":"📊 Initial rate limit check","current":6,"remaining":114,"allowed":true,"resetTime":"2025-07-08T04:00:20.323Z"}
{"timestamp":"2025-07-08T04:00:02.474Z","level":"INFO","message":"📊 Found 13 tweets from last 24 hours","batchId":"ShCVbtq-BZdUGXu4YqvQN","tweetCount":13,"maxAllowed":60}
{"timestamp":"2025-07-08T04:00:04.469Z","level":"INFO","message":"Processed tweet 1942114933287596380","engagements":41,"apiCallsUsed":2,"processingTime":"1334ms","remainingApiCalls":112}
{"timestamp":"2025-07-08T04:00:19.229Z","level":"INFO","message":"Processed tweet 1942136401434189881","engagements":0,"apiCallsUsed":2,"processingTime":"785ms","remainingApiCalls":110}
{"timestamp":"2025-07-08T04:00:20.815Z","level":"INFO","message":"Processed tweet 1942143234848776683","engagements":62,"apiCallsUsed":2,"processingTime":"1210ms","remainingApiCalls":120}
{"timestamp":"2025-07-08T04:00:36.378Z","level":"INFO","message":"Processed tweet 1942142064717689255","engagements":36,"apiCallsUsed":2,"processingTime":"1075ms","remainingApiCalls":118}
{"timestamp":"2025-07-08T04:00:48.724Z","level":"INFO","message":"Processed tweet 1942292590801371399","engagements":24,"apiCallsUsed":2,"processingTime":"1069ms","remainingApiCalls":116}
{"timestamp":"2025-07-08T04:00:49.194Z","level":"DEBUG","message":"Skipping self-engagement: @yaldamasoudi on their own tweet 1942292590801371399"}
{"timestamp":"2025-07-08T04:00:57.734Z","level":"DEBUG","message":"Skipping self-engagement: @yaldamasoudi on their own tweet 1942292590801371399"}
{"timestamp":"2025-07-08T04:00:57.735Z","level":"INFO","message":"Points awarded for tweet 1942292590801371399","summary":{"likes":10,"retweets":0,"replies":30,"total":40},"userCount":1}
{"timestamp":"2025-07-08T04:01:03.223Z","level":"SUCCESS","message":"✅ Batch processing completed","batchId":"ShCVbtq-BZdUGXu4YqvQN","duration":"1 minutes","summary":{"tweetsProcessed":13,"engagementsFound":163,"pointsAwarded":40,"apiCallsUsed":10,"retweets":10,"replies":153,"uniqueUsers":92,"errors":8}}
{"timestamp":"2025-07-08T04:01:03.414Z","level":"INFO","message":"📊 Rate limit status","used":4,"remaining":116,"limit":120,"percentUsed":3}
{"timestamp":"2025-07-08T04:01:04.301Z","level":"SUCCESS","message":"✅ Batch completed successfully","batchId":"ShCVbtq-BZdUGXu4YqvQN","startTime":"2025-07-08T04:00:00.596Z","endTime":"2025-07-08T04:01:04.301Z","duration":"63.705s","summary":{"tweetsProcessed":13,"engagementsFound":163,"pointsAwarded":40,"apiCallsUsed":10,"retweets":10,"replies":153,"uniqueUsers":92,"errors":8}}
{"timestamp":"2025-07-08T05:00:00.621Z","level":"INFO","message":"🚀 Starting batch processing","batchId":"EQn4MN52wpn_z3aSichQP","startTime":"2025-07-08T05:00:00.621Z"}
{"timestamp":"2025-07-08T05:00:02.013Z","level":"INFO","message":"📊 Points configuration loaded","pointsConfig":{"micro":{"retweet":20,"reply":30,"like":10},"rising":{"retweet":30,"reply":45,"like":15},"star":{"retweet":40,"reply":60,"like":20},"legend":{"retweet":50,"reply":75,"like":25},"hero":{"retweet":60,"reply":90,"like":30}}}
{"timestamp":"2025-07-08T05:00:02.239Z","level":"INFO","message":"📊 Initial rate limit check","current":4,"remaining":116,"allowed":true,"resetTime":"2025-07-08T05:00:20.531Z"}
{"timestamp":"2025-07-08T05:00:02.668Z","level":"INFO","message":"📊 Found 13 tweets from last 24 hours","batchId":"EQn4MN52wpn_z3aSichQP","tweetCount":13,"maxAllowed":60}
{"timestamp":"2025-07-08T05:00:04.887Z","level":"INFO","message":"Processed tweet 1942114933287596380","engagements":41,"apiCallsUsed":2,"processingTime":"1563ms","remainingApiCalls":114}
{"timestamp":"2025-07-08T05:00:19.197Z","level":"INFO","message":"Processed tweet 1942136401434189881","engagements":0,"apiCallsUsed":2,"processingTime":"1060ms","remainingApiCalls":112}
{"timestamp":"2025-07-08T05:00:21.513Z","level":"INFO","message":"Processed tweet 1942143234848776683","engagements":62,"apiCallsUsed":2,"processingTime":"1741ms","remainingApiCalls":120}
{"timestamp":"2025-07-08T05:00:38.090Z","level":"INFO","message":"Processed tweet 1942142064717689255","engagements":36,"apiCallsUsed":2,"processingTime":"1382ms","remainingApiCalls":118}
{"timestamp":"2025-07-08T05:00:51.962Z","level":"INFO","message":"Processed tweet 1942292590801371399","engagements":24,"apiCallsUsed":2,"processingTime":"1278ms","remainingApiCalls":116}
{"timestamp":"2025-07-08T05:00:52.486Z","level":"DEBUG","message":"Skipping self-engagement: @yaldamasoudi on their own tweet 1942292590801371399"}
{"timestamp":"2025-07-08T05:00:59.489Z","level":"DEBUG","message":"Skipping self-engagement: @yaldamasoudi on their own tweet 1942292590801371399"}
{"timestamp":"2025-07-08T05:01:06.774Z","level":"SUCCESS","message":"✅ Batch processing completed","batchId":"EQn4MN52wpn_z3aSichQP","duration":"1 minutes","summary":{"tweetsProcessed":13,"engagementsFound":163,"pointsAwarded":0,"apiCallsUsed":10,"retweets":10,"replies":153,"uniqueUsers":92,"errors":8}}
{"timestamp":"2025-07-08T05:01:06.958Z","level":"INFO","message":"📊 Rate limit status","used":4,"remaining":116,"limit":120,"percentUsed":3}
{"timestamp":"2025-07-08T05:01:07.719Z","level":"SUCCESS","message":"✅ Batch completed successfully","batchId":"EQn4MN52wpn_z3aSichQP","startTime":"2025-07-08T05:00:00.621Z","endTime":"2025-07-08T05:01:07.719Z","duration":"67.098s","summary":{"tweetsProcessed":13,"engagementsFound":163,"pointsAwarded":0,"apiCallsUsed":10,"retweets":10,"replies":153,"uniqueUsers":92,"errors":8}}
{"timestamp":"2025-07-08T06:00:00.411Z","level":"INFO","message":"🚀 Starting batch processing","batchId":"Srq4cP6jnhJvS6LC0_tgy","startTime":"2025-07-08T06:00:00.411Z"}
