{"timestamp":"2025-07-19T04:14:51.403Z","level":"INFO","message":"🚀 Starting batch processing","batchId":"hPb-EmxY6TwbAGz3R24kd","startTime":"2025-07-19T04:14:51.403Z"}
{"timestamp":"2025-07-19T04:14:52.920Z","level":"INFO","message":"📊 Points configuration loaded","pointsConfig":{"micro":{"retweet":35,"reply":20,"like":10},"rising":{"retweet":35,"reply":20,"like":10},"star":{"retweet":35,"reply":20,"like":10},"legend":{"retweet":35,"reply":20,"like":10},"hero":{"retweet":35,"reply":20,"like":10}}}
{"timestamp":"2025-07-19T04:14:53.106Z","level":"INFO","message":"📊 Initial rate limit check","current":0,"remaining":120,"allowed":true,"resetTime":"2025-07-19T05:14:33.652Z"}
{"timestamp":"2025-07-19T04:14:53.595Z","level":"INFO","message":"📊 Found 4 tweets from last 24 hours","batchId":"hPb-EmxY6TwbAGz3R24kd","tweetCount":4,"maxAllowed":60}
{"timestamp":"2025-07-19T04:14:55.819Z","level":"INFO","message":"Processed tweet 1946285151735943479","engagements":98,"apiCallsUsed":2,"processingTime":"1259ms","remainingApiCalls":118}
{"timestamp":"2025-07-19T04:15:17.973Z","level":"INFO","message":"Points awarded for tweet 1946285151735943479","summary":{"likes":60,"retweets":35,"replies":120,"total":215},"userCount":6}
{"timestamp":"2025-07-19T04:15:19.487Z","level":"INFO","message":"Processed tweet 1946260344306839970","engagements":98,"apiCallsUsed":2,"processingTime":"1142ms","remainingApiCalls":116}
{"timestamp":"2025-07-19T04:15:45.334Z","level":"INFO","message":"Points awarded for tweet 1946260344306839970","summary":{"likes":70,"retweets":105,"replies":140,"total":315},"userCount":7}
{"timestamp":"2025-07-19T04:15:46.665Z","level":"INFO","message":"Processed tweet 1946406441369116808","engagements":18,"apiCallsUsed":2,"processingTime":"952ms","remainingApiCalls":114}
{"timestamp":"2025-07-19T04:15:53.880Z","level":"INFO","message":"Points awarded for tweet 1946406441369116808","summary":{"likes":30,"retweets":0,"replies":60,"total":90},"userCount":3}
{"timestamp":"2025-07-19T04:15:55.251Z","level":"INFO","message":"Processed tweet 1946217424803532994","engagements":46,"apiCallsUsed":2,"processingTime":"994ms","remainingApiCalls":112}
{"timestamp":"2025-07-19T04:16:07.085Z","level":"INFO","message":"Points awarded for tweet 1946217424803532994","summary":{"likes":40,"retweets":0,"replies":80,"total":120},"userCount":4}
{"timestamp":"2025-07-19T04:16:07.463Z","level":"SUCCESS","message":"✅ Batch processing completed","batchId":"hPb-EmxY6TwbAGz3R24kd","duration":"1 minutes","summary":{"tweetsProcessed":4,"engagementsFound":260,"pointsAwarded":740,"apiCallsUsed":8,"retweets":19,"replies":241,"uniqueUsers":175,"errors":0}}
{"timestamp":"2025-07-19T04:16:07.651Z","level":"INFO","message":"📊 Rate limit status","used":8,"remaining":112,"limit":120,"percentUsed":7}
{"timestamp":"2025-07-19T04:16:08.591Z","level":"SUCCESS","message":"✅ Batch completed successfully","batchId":"hPb-EmxY6TwbAGz3R24kd","startTime":"2025-07-19T04:14:51.403Z","endTime":"2025-07-19T04:16:08.590Z","duration":"77.187s","summary":{"tweetsProcessed":4,"engagementsFound":260,"pointsAwarded":740,"apiCallsUsed":8,"retweets":19,"replies":241,"uniqueUsers":175,"errors":0}}
{"timestamp":"2025-07-19T05:00:00.310Z","level":"INFO","message":"🚀 Starting batch processing","batchId":"VLwmr5W0rb7J0rWxZZy2d","startTime":"2025-07-19T05:00:00.309Z"}
{"timestamp":"2025-07-19T05:00:01.716Z","level":"INFO","message":"📊 Points configuration loaded","pointsConfig":{"micro":{"retweet":35,"reply":20,"like":10},"rising":{"retweet":35,"reply":20,"like":10},"star":{"retweet":35,"reply":20,"like":10},"legend":{"retweet":35,"reply":20,"like":10},"hero":{"retweet":35,"reply":20,"like":10}}}
{"timestamp":"2025-07-19T05:00:01.902Z","level":"INFO","message":"📊 Initial rate limit check","current":8,"remaining":112,"allowed":true,"resetTime":"2025-07-19T05:14:33.652Z"}
{"timestamp":"2025-07-19T05:00:02.477Z","level":"INFO","message":"📊 Found 7 tweets from last 24 hours","batchId":"VLwmr5W0rb7J0rWxZZy2d","tweetCount":7,"maxAllowed":60}
{"timestamp":"2025-07-19T05:00:04.885Z","level":"INFO","message":"Processed tweet 1946285151735943479","engagements":98,"apiCallsUsed":2,"processingTime":"1470ms","remainingApiCalls":110}
{"timestamp":"2025-07-19T05:00:19.573Z","level":"INFO","message":"Processed tweet 1946260344306839970","engagements":99,"apiCallsUsed":2,"processingTime":"1529ms","remainingApiCalls":108}
{"timestamp":"2025-07-19T05:00:34.529Z","level":"INFO","message":"Processed tweet 1946406441369116808","engagements":22,"apiCallsUsed":2,"processingTime":"1193ms","remainingApiCalls":106}
{"timestamp":"2025-07-19T05:00:39.553Z","level":"INFO","message":"Processed tweet 1946217424803532994","engagements":46,"apiCallsUsed":2,"processingTime":"1354ms","remainingApiCalls":104}
{"timestamp":"2025-07-19T05:00:47.021Z","level":"INFO","message":"Processed tweet 1946312643410604125","engagements":18,"apiCallsUsed":2,"processingTime":"1195ms","remainingApiCalls":102}
{"timestamp":"2025-07-19T05:00:51.074Z","level":"INFO","message":"Points awarded for tweet 1946312643410604125","summary":{"likes":10,"retweets":0,"replies":20,"total":30},"userCount":1}
{"timestamp":"2025-07-19T05:00:53.378Z","level":"SUCCESS","message":"✅ Batch processing completed","batchId":"VLwmr5W0rb7J0rWxZZy2d","duration":"1 minutes","summary":{"tweetsProcessed":7,"engagementsFound":283,"pointsAwarded":30,"apiCallsUsed":10,"retweets":20,"replies":263,"uniqueUsers":189,"errors":2}}
{"timestamp":"2025-07-19T05:00:53.563Z","level":"INFO","message":"📊 Rate limit status","used":18,"remaining":102,"limit":120,"percentUsed":15}
{"timestamp":"2025-07-19T05:00:54.796Z","level":"SUCCESS","message":"✅ Batch completed successfully","batchId":"VLwmr5W0rb7J0rWxZZy2d","startTime":"2025-07-19T05:00:00.309Z","endTime":"2025-07-19T05:00:54.796Z","duration":"54.487s","summary":{"tweetsProcessed":7,"engagementsFound":283,"pointsAwarded":30,"apiCallsUsed":10,"retweets":20,"replies":263,"uniqueUsers":189,"errors":2}}
{"timestamp":"2025-07-19T06:00:00.791Z","level":"INFO","message":"🚀 Starting batch processing","batchId":"uJ13fWOhyandYtSjhCae8","startTime":"2025-07-19T06:00:00.791Z"}
